CRITICAL - 2023-06-24 16:32:09 --> require_once(C:\xampp\htdocs\rise\app\ThirdParty/Google/google-api-php-client/vendor/autoload.php): Failed to open stream: No such file or directory
in APPPATH\Libraries\Google_calendar.php on line 15.
 1 APPPATH\Libraries\Google_calendar.php(15): CodeIgniter\Debug\Exceptions->errorHandler(2, 'require_once(C:\\xampp\\htdocs\\rise\\app\\ThirdParty/Google/google-api-php-client/vendor/autoload.php): Failed to open stream: No such file or directory', 'APPPATH\\Libraries\\Google_calendar.php', 15)
 2 APPPATH\Libraries\Google_calendar.php(15): require_once()
 3 APPPATH\Controllers\Events.php(13): App\Libraries\Google_calendar->__construct()
 4 SYSTEMPATH\CodeIgniter.php(858): App\Controllers\Events->__construct()
 5 SYSTEMPATH\CodeIgniter.php(457): CodeIgniter\CodeIgniter->createController()
 6 SYSTEMPATH\CodeIgniter.php(349): CodeIgniter\CodeIgniter->handleRequest(null, Object(Config\Cache), false)
 7 FCPATH\index.php(83): CodeIgniter\CodeIgniter->run()
CRITICAL - 2023-06-24 16:32:24 --> require_once(C:\xampp\htdocs\rise\app\ThirdParty/Google/google-api-php-client/vendor/autoload.php): Failed to open stream: No such file or directory
in APPPATH\Libraries\Google_calendar.php on line 15.
 1 APPPATH\Libraries\Google_calendar.php(15): CodeIgniter\Debug\Exceptions->errorHandler(2, 'require_once(C:\\xampp\\htdocs\\rise\\app\\ThirdParty/Google/google-api-php-client/vendor/autoload.php): Failed to open stream: No such file or directory', 'APPPATH\\Libraries\\Google_calendar.php', 15)
 2 APPPATH\Libraries\Google_calendar.php(15): require_once()
 3 APPPATH\Controllers\Events.php(13): App\Libraries\Google_calendar->__construct()
 4 SYSTEMPATH\CodeIgniter.php(858): App\Controllers\Events->__construct()
 5 SYSTEMPATH\CodeIgniter.php(457): CodeIgniter\CodeIgniter->createController()
 6 SYSTEMPATH\CodeIgniter.php(349): CodeIgniter\CodeIgniter->handleRequest(null, Object(Config\Cache), false)
 7 FCPATH\index.php(83): CodeIgniter\CodeIgniter->run()
CRITICAL - 2023-06-24 16:32:34 --> require_once(C:\xampp\htdocs\rise\app\ThirdParty/Google/google-api-php-client/vendor/autoload.php): Failed to open stream: No such file or directory
in APPPATH\Libraries\Google_calendar.php on line 15.
 1 APPPATH\Libraries\Google_calendar.php(15): CodeIgniter\Debug\Exceptions->errorHandler(2, 'require_once(C:\\xampp\\htdocs\\rise\\app\\ThirdParty/Google/google-api-php-client/vendor/autoload.php): Failed to open stream: No such file or directory', 'APPPATH\\Libraries\\Google_calendar.php', 15)
 2 APPPATH\Libraries\Google_calendar.php(15): require_once()
 3 APPPATH\Controllers\Events.php(13): App\Libraries\Google_calendar->__construct()
 4 SYSTEMPATH\CodeIgniter.php(858): App\Controllers\Events->__construct()
 5 SYSTEMPATH\CodeIgniter.php(457): CodeIgniter\CodeIgniter->createController()
 6 SYSTEMPATH\CodeIgniter.php(349): CodeIgniter\CodeIgniter->handleRequest(null, Object(Config\Cache), false)
 7 FCPATH\index.php(83): CodeIgniter\CodeIgniter->run()
CRITICAL - 2023-06-24 16:40:31 --> require_once(C:\xampp\htdocs\rise\app\ThirdParty/Google/google-api-php-client/vendor/autoload.php): Failed to open stream: No such file or directory
in APPPATH\Libraries\Google_calendar.php on line 15.
 1 APPPATH\Libraries\Google_calendar.php(15): CodeIgniter\Debug\Exceptions->errorHandler(2, 'require_once(C:\\xampp\\htdocs\\rise\\app\\ThirdParty/Google/google-api-php-client/vendor/autoload.php): Failed to open stream: No such file or directory', 'APPPATH\\Libraries\\Google_calendar.php', 15)
 2 APPPATH\Libraries\Google_calendar.php(15): require_once()
 3 APPPATH\Controllers\Events.php(13): App\Libraries\Google_calendar->__construct()
 4 SYSTEMPATH\CodeIgniter.php(858): App\Controllers\Events->__construct()
 5 SYSTEMPATH\CodeIgniter.php(457): CodeIgniter\CodeIgniter->createController()
 6 SYSTEMPATH\CodeIgniter.php(349): CodeIgniter\CodeIgniter->handleRequest(null, Object(Config\Cache), false)
 7 FCPATH\index.php(83): CodeIgniter\CodeIgniter->run()
