CRITICAL - 2023-06-11 00:58:27 --> The action you requested is not allowed.
in SYSTEMPATH/Security/Security.php on line 286.
 1 SYSTEMPATH/Security/Security.php(286): CodeIgniter\Security\Exceptions\SecurityException::forDisallowedAction()
 2 SYSTEMPATH/Filters/CSRF.php(54): CodeIgniter\Security\Security->verify(Object(CodeIgniter\HTTP\IncomingRequest))
 3 SYSTEMPATH/Filters/Filters.php(173): CodeIgniter\Filters\CSRF->before(Object(CodeIgniter\HTTP\IncomingRequest), null)
 4 SYSTEMPATH/CodeIgniter.php(440): CodeIgniter\Filters\Filters->run('messages/count_notifications', 'before')
 5 SYSTEMPATH/CodeIgniter.php(349): CodeIgniter\CodeIgniter->handleRequest(null, Object(Config\Cache), false)
 6 FCPATH/index.php(79): CodeIgniter\CodeIgniter->run()
CRITICAL - 2023-06-11 00:58:28 --> The action you requested is not allowed.
in SYSTEMPATH/Security/Security.php on line 286.
 1 SYSTEMPATH/Security/Security.php(286): CodeIgniter\Security\Exceptions\SecurityException::forDisallowedAction()
 2 SYSTEMPATH/Filters/CSRF.php(54): CodeIgniter\Security\Security->verify(Object(CodeIgniter\HTTP\IncomingRequest))
 3 SYSTEMPATH/Filters/Filters.php(173): CodeIgniter\Filters\CSRF->before(Object(CodeIgniter\HTTP\IncomingRequest), null)
 4 SYSTEMPATH/CodeIgniter.php(440): CodeIgniter\Filters\Filters->run('messages/count_notifications', 'before')
 5 SYSTEMPATH/CodeIgniter.php(349): CodeIgniter\CodeIgniter->handleRequest(null, Object(Config\Cache), false)
 6 FCPATH/index.php(79): CodeIgniter\CodeIgniter->run()
CRITICAL - 2023-06-11 00:58:29 --> The action you requested is not allowed.
in SYSTEMPATH/Security/Security.php on line 286.
 1 SYSTEMPATH/Security/Security.php(286): CodeIgniter\Security\Exceptions\SecurityException::forDisallowedAction()
 2 SYSTEMPATH/Filters/CSRF.php(54): CodeIgniter\Security\Security->verify(Object(CodeIgniter\HTTP\IncomingRequest))
 3 SYSTEMPATH/Filters/Filters.php(173): CodeIgniter\Filters\CSRF->before(Object(CodeIgniter\HTTP\IncomingRequest), null)
 4 SYSTEMPATH/CodeIgniter.php(440): CodeIgniter\Filters\Filters->run('messages/count_notifications', 'before')
 5 SYSTEMPATH/CodeIgniter.php(349): CodeIgniter\CodeIgniter->handleRequest(null, Object(Config\Cache), false)
 6 FCPATH/index.php(79): CodeIgniter\CodeIgniter->run()
CRITICAL - 2023-06-11 01:37:18 --> Invalid file: widgets.php
in SYSTEMPATH/Exceptions/FrameworkException.php on line 33.
 1 SYSTEMPATH/View/View.php(201): CodeIgniter\Exceptions\FrameworkException::forInvalidFile('widgets.php')
 2 SYSTEMPATH/Common.php(1135): CodeIgniter\View\View->render('widgets', [], true)
 3 APPPATH/Views/items/index.php(4): view('widgets')
 4 SYSTEMPATH/View/View.php(213): include('APPPATH/Views/items/index.php')
 5 SYSTEMPATH/View/View.php(216): CodeIgniter\View\View->CodeIgniter\View\{closure}()
 6 SYSTEMPATH/Common.php(1135): CodeIgniter\View\View->render('items/index', [], true)
 7 APPPATH/Views/layout/index.php(48): view('items/index')
 8 SYSTEMPATH/View/View.php(213): include('APPPATH/Views/layout/index.php')
 9 SYSTEMPATH/View/View.php(216): CodeIgniter\View\View->CodeIgniter\View\{closure}()
10 SYSTEMPATH/Common.php(1135): CodeIgniter\View\View->render('layout/index', [], true)
11 APPPATH/Libraries/Template.php(38): view('layout/index', [...])
12 APPPATH/Libraries/Template.php(22): App\Libraries\Template->view('layout/index', [...])
13 APPPATH/Controllers/Items.php(37): App\Libraries\Template->rander('items/index', [...])
14 SYSTEMPATH/CodeIgniter.php(896): App\Controllers\Items->index()
15 SYSTEMPATH/CodeIgniter.php(466): CodeIgniter\CodeIgniter->runController(Object(App\Controllers\Items))
16 SYSTEMPATH/CodeIgniter.php(349): CodeIgniter\CodeIgniter->handleRequest(null, Object(Config\Cache), false)
17 FCPATH/index.php(79): CodeIgniter\CodeIgniter->run()
CRITICAL - 2023-06-11 02:41:50 --> Invalid argument supplied for foreach()
in APPPATH/Views/leads/lead_statuses.php on line 4.
 1 APPPATH/Views/leads/lead_statuses.php(4): CodeIgniter\Debug\Exceptions->errorHandler(2, 'Invalid argument supplied for foreach()', 'APPPATH/Views/leads/lead_statuses.php', 4, [...])
 2 SYSTEMPATH/View/View.php(213): include('APPPATH/Views/leads/lead_statuses.php')
 3 SYSTEMPATH/View/View.php(216): CodeIgniter\View\View->CodeIgniter\View\{closure}()
 4 SYSTEMPATH/Common.php(1135): CodeIgniter\View\View->render('leads/lead_statuses', [], true)
 5 APPPATH/Views/items/index.php(154): view('leads/lead_statuses')
 6 SYSTEMPATH/View/View.php(213): include('APPPATH/Views/items/index.php')
 7 SYSTEMPATH/View/View.php(216): CodeIgniter\View\View->CodeIgniter\View\{closure}()
 8 SYSTEMPATH/Common.php(1135): CodeIgniter\View\View->render('items/index', [], true)
 9 APPPATH/Views/layout/index.php(48): view('items/index')
10 SYSTEMPATH/View/View.php(213): include('APPPATH/Views/layout/index.php')
11 SYSTEMPATH/View/View.php(216): CodeIgniter\View\View->CodeIgniter\View\{closure}()
12 SYSTEMPATH/Common.php(1135): CodeIgniter\View\View->render('layout/index', [], true)
13 APPPATH/Libraries/Template.php(38): view('layout/index', [...])
14 APPPATH/Libraries/Template.php(22): App\Libraries\Template->view('layout/index', [...])
15 APPPATH/Controllers/Items.php(37): App\Libraries\Template->rander('items/index', [...])
16 SYSTEMPATH/CodeIgniter.php(896): App\Controllers\Items->index()
17 SYSTEMPATH/CodeIgniter.php(466): CodeIgniter\CodeIgniter->runController(Object(App\Controllers\Items))
18 SYSTEMPATH/CodeIgniter.php(349): CodeIgniter\CodeIgniter->handleRequest(null, Object(Config\Cache), false)
19 FCPATH/index.php(79): CodeIgniter\CodeIgniter->run()
CRITICAL - 2023-06-11 02:42:28 --> Invalid file: items/lead_statuses.php
in SYSTEMPATH/Exceptions/FrameworkException.php on line 33.
 1 SYSTEMPATH/View/View.php(201): CodeIgniter\Exceptions\FrameworkException::forInvalidFile('items/lead_statuses.php')
 2 SYSTEMPATH/Common.php(1135): CodeIgniter\View\View->render('items/lead_statuses', [], true)
 3 APPPATH/Views/items/index.php(154): view('items/lead_statuses')
 4 SYSTEMPATH/View/View.php(213): include('APPPATH/Views/items/index.php')
 5 SYSTEMPATH/View/View.php(216): CodeIgniter\View\View->CodeIgniter\View\{closure}()
 6 SYSTEMPATH/Common.php(1135): CodeIgniter\View\View->render('items/index', [], true)
 7 APPPATH/Views/layout/index.php(48): view('items/index')
 8 SYSTEMPATH/View/View.php(213): include('APPPATH/Views/layout/index.php')
 9 SYSTEMPATH/View/View.php(216): CodeIgniter\View\View->CodeIgniter\View\{closure}()
10 SYSTEMPATH/Common.php(1135): CodeIgniter\View\View->render('layout/index', [], true)
11 APPPATH/Libraries/Template.php(38): view('layout/index', [...])
12 APPPATH/Libraries/Template.php(22): App\Libraries\Template->view('layout/index', [...])
13 APPPATH/Controllers/Items.php(37): App\Libraries\Template->rander('items/index', [...])
14 SYSTEMPATH/CodeIgniter.php(896): App\Controllers\Items->index()
15 SYSTEMPATH/CodeIgniter.php(466): CodeIgniter\CodeIgniter->runController(Object(App\Controllers\Items))
16 SYSTEMPATH/CodeIgniter.php(349): CodeIgniter\CodeIgniter->handleRequest(null, Object(Config\Cache), false)
17 FCPATH/index.php(79): CodeIgniter\CodeIgniter->run()
CRITICAL - 2023-06-11 02:42:31 --> Invalid file: items/lead_statuses.php
in SYSTEMPATH/Exceptions/FrameworkException.php on line 33.
 1 SYSTEMPATH/View/View.php(201): CodeIgniter\Exceptions\FrameworkException::forInvalidFile('items/lead_statuses.php')
 2 SYSTEMPATH/Common.php(1135): CodeIgniter\View\View->render('items/lead_statuses', [], true)
 3 APPPATH/Views/items/index.php(154): view('items/lead_statuses')
 4 SYSTEMPATH/View/View.php(213): include('APPPATH/Views/items/index.php')
 5 SYSTEMPATH/View/View.php(216): CodeIgniter\View\View->CodeIgniter\View\{closure}()
 6 SYSTEMPATH/Common.php(1135): CodeIgniter\View\View->render('items/index', [], true)
 7 APPPATH/Views/layout/index.php(48): view('items/index')
 8 SYSTEMPATH/View/View.php(213): include('APPPATH/Views/layout/index.php')
 9 SYSTEMPATH/View/View.php(216): CodeIgniter\View\View->CodeIgniter\View\{closure}()
10 SYSTEMPATH/Common.php(1135): CodeIgniter\View\View->render('layout/index', [], true)
11 APPPATH/Libraries/Template.php(38): view('layout/index', [...])
12 APPPATH/Libraries/Template.php(22): App\Libraries\Template->view('layout/index', [...])
13 APPPATH/Controllers/Items.php(37): App\Libraries\Template->rander('items/index', [...])
14 SYSTEMPATH/CodeIgniter.php(896): App\Controllers\Items->index()
15 SYSTEMPATH/CodeIgniter.php(466): CodeIgniter\CodeIgniter->runController(Object(App\Controllers\Items))
16 SYSTEMPATH/CodeIgniter.php(349): CodeIgniter\CodeIgniter->handleRequest(null, Object(Config\Cache), false)
17 FCPATH/index.php(79): CodeIgniter\CodeIgniter->run()
CRITICAL - 2023-06-11 02:43:13 --> Invalid file: items/lead_statuses.php
in SYSTEMPATH/Exceptions/FrameworkException.php on line 33.
 1 SYSTEMPATH/View/View.php(201): CodeIgniter\Exceptions\FrameworkException::forInvalidFile('items/lead_statuses.php')
 2 SYSTEMPATH/Common.php(1135): CodeIgniter\View\View->render('items/lead_statuses', [], true)
 3 APPPATH/Views/items/index.php(154): view('items/lead_statuses')
 4 SYSTEMPATH/View/View.php(213): include('APPPATH/Views/items/index.php')
 5 SYSTEMPATH/View/View.php(216): CodeIgniter\View\View->CodeIgniter\View\{closure}()
 6 SYSTEMPATH/Common.php(1135): CodeIgniter\View\View->render('items/index', [], true)
 7 APPPATH/Views/layout/index.php(48): view('items/index')
 8 SYSTEMPATH/View/View.php(213): include('APPPATH/Views/layout/index.php')
 9 SYSTEMPATH/View/View.php(216): CodeIgniter\View\View->CodeIgniter\View\{closure}()
10 SYSTEMPATH/Common.php(1135): CodeIgniter\View\View->render('layout/index', [], true)
11 APPPATH/Libraries/Template.php(38): view('layout/index', [...])
12 APPPATH/Libraries/Template.php(22): App\Libraries\Template->view('layout/index', [...])
13 APPPATH/Controllers/Items.php(37): App\Libraries\Template->rander('items/index', [...])
14 SYSTEMPATH/CodeIgniter.php(896): App\Controllers\Items->index()
15 SYSTEMPATH/CodeIgniter.php(466): CodeIgniter\CodeIgniter->runController(Object(App\Controllers\Items))
16 SYSTEMPATH/CodeIgniter.php(349): CodeIgniter\CodeIgniter->handleRequest(null, Object(Config\Cache), false)
17 FCPATH/index.php(79): CodeIgniter\CodeIgniter->run()
CRITICAL - 2023-06-11 02:43:16 --> Invalid file: items/lead_statuses.php
in SYSTEMPATH/Exceptions/FrameworkException.php on line 33.
 1 SYSTEMPATH/View/View.php(201): CodeIgniter\Exceptions\FrameworkException::forInvalidFile('items/lead_statuses.php')
 2 SYSTEMPATH/Common.php(1135): CodeIgniter\View\View->render('items/lead_statuses', [], true)
 3 APPPATH/Views/items/index.php(154): view('items/lead_statuses')
 4 SYSTEMPATH/View/View.php(213): include('APPPATH/Views/items/index.php')
 5 SYSTEMPATH/View/View.php(216): CodeIgniter\View\View->CodeIgniter\View\{closure}()
 6 SYSTEMPATH/Common.php(1135): CodeIgniter\View\View->render('items/index', [], true)
 7 APPPATH/Views/layout/index.php(48): view('items/index')
 8 SYSTEMPATH/View/View.php(213): include('APPPATH/Views/layout/index.php')
 9 SYSTEMPATH/View/View.php(216): CodeIgniter\View\View->CodeIgniter\View\{closure}()
10 SYSTEMPATH/Common.php(1135): CodeIgniter\View\View->render('layout/index', [], true)
11 APPPATH/Libraries/Template.php(38): view('layout/index', [...])
12 APPPATH/Libraries/Template.php(22): App\Libraries\Template->view('layout/index', [...])
13 APPPATH/Controllers/Items.php(37): App\Libraries\Template->rander('items/index', [...])
14 SYSTEMPATH/CodeIgniter.php(896): App\Controllers\Items->index()
15 SYSTEMPATH/CodeIgniter.php(466): CodeIgniter\CodeIgniter->runController(Object(App\Controllers\Items))
16 SYSTEMPATH/CodeIgniter.php(349): CodeIgniter\CodeIgniter->handleRequest(null, Object(Config\Cache), false)
17 FCPATH/index.php(79): CodeIgniter\CodeIgniter->run()
CRITICAL - 2023-06-11 02:44:46 --> Invalid file: items/lead_statuses.php
in SYSTEMPATH/Exceptions/FrameworkException.php on line 33.
 1 SYSTEMPATH/View/View.php(201): CodeIgniter\Exceptions\FrameworkException::forInvalidFile('items/lead_statuses.php')
 2 SYSTEMPATH/Common.php(1135): CodeIgniter\View\View->render('items/lead_statuses', [], true)
 3 APPPATH/Views/items/index.php(154): view('items/lead_statuses')
 4 SYSTEMPATH/View/View.php(213): include('APPPATH/Views/items/index.php')
 5 SYSTEMPATH/View/View.php(216): CodeIgniter\View\View->CodeIgniter\View\{closure}()
 6 SYSTEMPATH/Common.php(1135): CodeIgniter\View\View->render('items/index', [], true)
 7 APPPATH/Views/layout/index.php(48): view('items/index')
 8 SYSTEMPATH/View/View.php(213): include('APPPATH/Views/layout/index.php')
 9 SYSTEMPATH/View/View.php(216): CodeIgniter\View\View->CodeIgniter\View\{closure}()
10 SYSTEMPATH/Common.php(1135): CodeIgniter\View\View->render('layout/index', [], true)
11 APPPATH/Libraries/Template.php(38): view('layout/index', [...])
12 APPPATH/Libraries/Template.php(22): App\Libraries\Template->view('layout/index', [...])
13 APPPATH/Controllers/Items.php(37): App\Libraries\Template->rander('items/index', [...])
14 SYSTEMPATH/CodeIgniter.php(896): App\Controllers\Items->index()
15 SYSTEMPATH/CodeIgniter.php(466): CodeIgniter\CodeIgniter->runController(Object(App\Controllers\Items))
16 SYSTEMPATH/CodeIgniter.php(349): CodeIgniter\CodeIgniter->handleRequest(null, Object(Config\Cache), false)
17 FCPATH/index.php(79): CodeIgniter\CodeIgniter->run()
CRITICAL - 2023-06-11 02:58:32 --> The action you requested is not allowed.
in SYSTEMPATH/Security/Security.php on line 286.
 1 SYSTEMPATH/Security/Security.php(286): CodeIgniter\Security\Exceptions\SecurityException::forDisallowedAction()
 2 SYSTEMPATH/Filters/CSRF.php(54): CodeIgniter\Security\Security->verify(Object(CodeIgniter\HTTP\IncomingRequest))
 3 SYSTEMPATH/Filters/Filters.php(173): CodeIgniter\Filters\CSRF->before(Object(CodeIgniter\HTTP\IncomingRequest), null)
 4 SYSTEMPATH/CodeIgniter.php(440): CodeIgniter\Filters\Filters->run('messages/count_notifications', 'before')
 5 SYSTEMPATH/CodeIgniter.php(349): CodeIgniter\CodeIgniter->handleRequest(null, Object(Config\Cache), false)
 6 FCPATH/index.php(79): CodeIgniter\CodeIgniter->run()
CRITICAL - 2023-06-11 02:58:32 --> The action you requested is not allowed.
in SYSTEMPATH/Security/Security.php on line 286.
 1 SYSTEMPATH/Security/Security.php(286): CodeIgniter\Security\Exceptions\SecurityException::forDisallowedAction()
 2 SYSTEMPATH/Filters/CSRF.php(54): CodeIgniter\Security\Security->verify(Object(CodeIgniter\HTTP\IncomingRequest))
 3 SYSTEMPATH/Filters/Filters.php(173): CodeIgniter\Filters\CSRF->before(Object(CodeIgniter\HTTP\IncomingRequest), null)
 4 SYSTEMPATH/CodeIgniter.php(440): CodeIgniter\Filters\Filters->run('messages/count_notifications', 'before')
 5 SYSTEMPATH/CodeIgniter.php(349): CodeIgniter\CodeIgniter->handleRequest(null, Object(Config\Cache), false)
 6 FCPATH/index.php(79): CodeIgniter\CodeIgniter->run()
CRITICAL - 2023-06-11 02:58:32 --> The action you requested is not allowed.
in SYSTEMPATH/Security/Security.php on line 286.
 1 SYSTEMPATH/Security/Security.php(286): CodeIgniter\Security\Exceptions\SecurityException::forDisallowedAction()
 2 SYSTEMPATH/Filters/CSRF.php(54): CodeIgniter\Security\Security->verify(Object(CodeIgniter\HTTP\IncomingRequest))
 3 SYSTEMPATH/Filters/Filters.php(173): CodeIgniter\Filters\CSRF->before(Object(CodeIgniter\HTTP\IncomingRequest), null)
 4 SYSTEMPATH/CodeIgniter.php(440): CodeIgniter\Filters\Filters->run('messages/count_notifications', 'before')
 5 SYSTEMPATH/CodeIgniter.php(349): CodeIgniter\CodeIgniter->handleRequest(null, Object(Config\Cache), false)
 6 FCPATH/index.php(79): CodeIgniter\CodeIgniter->run()
CRITICAL - 2023-06-11 03:09:17 --> Call to a member function get_details() on null
in APPPATH/Controllers/Items.php on line 34.
 1 SYSTEMPATH/CodeIgniter.php(896): App\Controllers\Items->index()
 2 SYSTEMPATH/CodeIgniter.php(466): CodeIgniter\CodeIgniter->runController(Object(App\Controllers\Items))
 3 SYSTEMPATH/CodeIgniter.php(349): CodeIgniter\CodeIgniter->handleRequest(null, Object(Config\Cache), false)
 4 FCPATH/index.php(79): CodeIgniter\CodeIgniter->run()
CRITICAL - 2023-06-11 03:09:45 --> Call to a member function get_details() on null
in APPPATH/Controllers/Items.php on line 34.
 1 SYSTEMPATH/CodeIgniter.php(896): App\Controllers\Items->index()
 2 SYSTEMPATH/CodeIgniter.php(466): CodeIgniter\CodeIgniter->runController(Object(App\Controllers\Items))
 3 SYSTEMPATH/CodeIgniter.php(349): CodeIgniter\CodeIgniter->handleRequest(null, Object(Config\Cache), false)
 4 FCPATH/index.php(79): CodeIgniter\CodeIgniter->run()
CRITICAL - 2023-06-11 03:09:46 --> Call to a member function get_details() on null
in APPPATH/Controllers/Items.php on line 34.
 1 SYSTEMPATH/CodeIgniter.php(896): App\Controllers\Items->index()
 2 SYSTEMPATH/CodeIgniter.php(466): CodeIgniter\CodeIgniter->runController(Object(App\Controllers\Items))
 3 SYSTEMPATH/CodeIgniter.php(349): CodeIgniter\CodeIgniter->handleRequest(null, Object(Config\Cache), false)
 4 FCPATH/index.php(79): CodeIgniter\CodeIgniter->run()
CRITICAL - 2023-06-11 03:11:47 --> Call to a member function get_details() on null
in APPPATH/Controllers/Items.php on line 34.
 1 SYSTEMPATH/CodeIgniter.php(896): App\Controllers\Items->index()
 2 SYSTEMPATH/CodeIgniter.php(466): CodeIgniter\CodeIgniter->runController(Object(App\Controllers\Items))
 3 SYSTEMPATH/CodeIgniter.php(349): CodeIgniter\CodeIgniter->handleRequest(null, Object(Config\Cache), false)
 4 FCPATH/index.php(79): CodeIgniter\CodeIgniter->run()
CRITICAL - 2023-06-11 03:11:48 --> Call to a member function get_details() on null
in APPPATH/Controllers/Items.php on line 34.
 1 SYSTEMPATH/CodeIgniter.php(896): App\Controllers\Items->index()
 2 SYSTEMPATH/CodeIgniter.php(466): CodeIgniter\CodeIgniter->runController(Object(App\Controllers\Items))
 3 SYSTEMPATH/CodeIgniter.php(349): CodeIgniter\CodeIgniter->handleRequest(null, Object(Config\Cache), false)
 4 FCPATH/index.php(79): CodeIgniter\CodeIgniter->run()
CRITICAL - 2023-06-11 03:23:29 --> Illegal string offset 'data-act'
in APPPATH/Helpers/general_helper.php on line 170.
 1 APPPATH/Helpers/general_helper.php(170): CodeIgniter\Debug\Exceptions->errorHandler(2, 'Illegal string offset \'data-act\'', 'APPPATH/Helpers/general_helper.php', 170, [...])
 2 APPPATH/Controllers/Items.php(174): modal_anchor('https://serlisa.com.pe/sistema/index.php/items/view', '-', 'Baño Portatil Fibra', [...])
 3 APPPATH/Controllers/Items.php(155): App\Controllers\Items->_make_item_row(Object(stdClass))
 4 SYSTEMPATH/CodeIgniter.php(896): App\Controllers\Items->list_data()
 5 SYSTEMPATH/CodeIgniter.php(466): CodeIgniter\CodeIgniter->runController(Object(App\Controllers\Items))
 6 SYSTEMPATH/CodeIgniter.php(349): CodeIgniter\CodeIgniter->handleRequest(null, Object(Config\Cache), false)
 7 FCPATH/index.php(79): CodeIgniter\CodeIgniter->run()
CRITICAL - 2023-06-11 03:23:32 --> Illegal string offset 'data-act'
in APPPATH/Helpers/general_helper.php on line 170.
 1 APPPATH/Helpers/general_helper.php(170): CodeIgniter\Debug\Exceptions->errorHandler(2, 'Illegal string offset \'data-act\'', 'APPPATH/Helpers/general_helper.php', 170, [...])
 2 APPPATH/Controllers/Items.php(174): modal_anchor('https://serlisa.com.pe/sistema/index.php/items/view', '-', 'Baño Portatil Fibra', [...])
 3 APPPATH/Controllers/Items.php(155): App\Controllers\Items->_make_item_row(Object(stdClass))
 4 SYSTEMPATH/CodeIgniter.php(896): App\Controllers\Items->list_data()
 5 SYSTEMPATH/CodeIgniter.php(466): CodeIgniter\CodeIgniter->runController(Object(App\Controllers\Items))
 6 SYSTEMPATH/CodeIgniter.php(349): CodeIgniter\CodeIgniter->handleRequest(null, Object(Config\Cache), false)
 7 FCPATH/index.php(79): CodeIgniter\CodeIgniter->run()
CRITICAL - 2023-06-11 03:23:42 --> Illegal string offset 'data-act'
in APPPATH/Helpers/general_helper.php on line 170.
 1 APPPATH/Helpers/general_helper.php(170): CodeIgniter\Debug\Exceptions->errorHandler(2, 'Illegal string offset \'data-act\'', 'APPPATH/Helpers/general_helper.php', 170, [...])
 2 APPPATH/Controllers/Items.php(174): modal_anchor('https://serlisa.com.pe/sistema/index.php/items/view', '-', 'Baño Portatil Fibra', [...])
 3 APPPATH/Controllers/Items.php(155): App\Controllers\Items->_make_item_row(Object(stdClass))
 4 SYSTEMPATH/CodeIgniter.php(896): App\Controllers\Items->list_data()
 5 SYSTEMPATH/CodeIgniter.php(466): CodeIgniter\CodeIgniter->runController(Object(App\Controllers\Items))
 6 SYSTEMPATH/CodeIgniter.php(349): CodeIgniter\CodeIgniter->handleRequest(null, Object(Config\Cache), false)
 7 FCPATH/index.php(79): CodeIgniter\CodeIgniter->run()
CRITICAL - 2023-06-11 03:28:51 --> Illegal string offset 'data-act'
in APPPATH/Helpers/general_helper.php on line 170.
 1 APPPATH/Helpers/general_helper.php(170): CodeIgniter\Debug\Exceptions->errorHandler(2, 'Illegal string offset \'data-act\'', 'APPPATH/Helpers/general_helper.php', 170, [...])
 2 APPPATH/Controllers/Items.php(176): modal_anchor('https://serlisa.com.pe/sistema/index.php/items/view', 'DISPONIBLE', 'Baño Portatil Fibra', [...])
 3 APPPATH/Controllers/Items.php(156): App\Controllers\Items->_make_item_row(Object(stdClass))
 4 SYSTEMPATH/CodeIgniter.php(896): App\Controllers\Items->list_data()
 5 SYSTEMPATH/CodeIgniter.php(466): CodeIgniter\CodeIgniter->runController(Object(App\Controllers\Items))
 6 SYSTEMPATH/CodeIgniter.php(349): CodeIgniter\CodeIgniter->handleRequest(null, Object(Config\Cache), false)
 7 FCPATH/index.php(79): CodeIgniter\CodeIgniter->run()
CRITICAL - 2023-06-11 03:28:59 --> Illegal string offset 'data-act'
in APPPATH/Helpers/general_helper.php on line 170.
 1 APPPATH/Helpers/general_helper.php(170): CodeIgniter\Debug\Exceptions->errorHandler(2, 'Illegal string offset \'data-act\'', 'APPPATH/Helpers/general_helper.php', 170, [...])
 2 APPPATH/Controllers/Items.php(176): modal_anchor('https://serlisa.com.pe/sistema/index.php/items/view', 'DISPONIBLE', 'Baño Portatil Fibra', [...])
 3 APPPATH/Controllers/Items.php(156): App\Controllers\Items->_make_item_row(Object(stdClass))
 4 SYSTEMPATH/CodeIgniter.php(896): App\Controllers\Items->list_data()
 5 SYSTEMPATH/CodeIgniter.php(466): CodeIgniter\CodeIgniter->runController(Object(App\Controllers\Items))
 6 SYSTEMPATH/CodeIgniter.php(349): CodeIgniter\CodeIgniter->handleRequest(null, Object(Config\Cache), false)
 7 FCPATH/index.php(79): CodeIgniter\CodeIgniter->run()
CRITICAL - 2023-06-11 04:58:36 --> The action you requested is not allowed.
in SYSTEMPATH/Security/Security.php on line 286.
 1 SYSTEMPATH/Security/Security.php(286): CodeIgniter\Security\Exceptions\SecurityException::forDisallowedAction()
 2 SYSTEMPATH/Filters/CSRF.php(54): CodeIgniter\Security\Security->verify(Object(CodeIgniter\HTTP\IncomingRequest))
 3 SYSTEMPATH/Filters/Filters.php(173): CodeIgniter\Filters\CSRF->before(Object(CodeIgniter\HTTP\IncomingRequest), null)
 4 SYSTEMPATH/CodeIgniter.php(440): CodeIgniter\Filters\Filters->run('messages/count_notifications', 'before')
 5 SYSTEMPATH/CodeIgniter.php(349): CodeIgniter\CodeIgniter->handleRequest(null, Object(Config\Cache), false)
 6 FCPATH/index.php(79): CodeIgniter\CodeIgniter->run()
CRITICAL - 2023-06-11 15:25:34 --> The action you requested is not allowed.
in SYSTEMPATH/Security/Security.php on line 286.
 1 SYSTEMPATH/Security/Security.php(286): CodeIgniter\Security\Exceptions\SecurityException::forDisallowedAction()
 2 SYSTEMPATH/Filters/CSRF.php(54): CodeIgniter\Security\Security->verify(Object(CodeIgniter\HTTP\IncomingRequest))
 3 SYSTEMPATH/Filters/Filters.php(173): CodeIgniter\Filters\CSRF->before(Object(CodeIgniter\HTTP\IncomingRequest), null)
 4 SYSTEMPATH/CodeIgniter.php(440): CodeIgniter\Filters\Filters->run('messages/count_notifications', 'before')
 5 SYSTEMPATH/CodeIgniter.php(349): CodeIgniter\CodeIgniter->handleRequest(null, Object(Config\Cache), false)
 6 FCPATH/index.php(79): CodeIgniter\CodeIgniter->run()
