CRITICAL - 2023-06-05 15:24:06 --> Call to undefined function prefixed_table_fields_wildcard()
in FCPATH/plugins/Purchase/Helpers/purchase_datatables_helper.php on line 108.
 1 FCPATH/plugins/Purchase/Views/quotations/table_estimates.php(56): data_tables_init1([...], 'id', 'rise_pur_estimates', [...], [], [...], '/home2/serlisa/public_html/sistema', [], [...])
 2 FCPATH/plugins/Purchase/Models/Purchase_model.php(648): include_once('FCPATH/plugins/Purchase/Views/quotations/table_estimates.php')
 3 FCPATH/plugins/Purchase/Controllers/Purchase.php(2554): Purchase\Models\Purchase_model->get_table_data('FCPATH/plugins/Purchase/Views/quotations/table_estimates', [...])
 4 SYSTEMPATH/CodeIgniter.php(896): Purchase\Controllers\Purchase->table_estimates()
 5 SYSTEMPATH/CodeIgniter.php(466): CodeIgniter\CodeIgniter->runController(Object(Purchase\Controllers\Purchase))
 6 SYSTEMPATH/CodeIgniter.php(349): CodeIgniter\CodeIgniter->handleRequest(null, Object(Config\Cache), false)
 7 FCPATH/index.php(79): CodeIgniter\CodeIgniter->run()
ERROR - 2023-06-05 15:50:04 --> Error connecting to the database: MySQL server has gone away
CRITICAL - 2023-06-05 15:50:04 --> Unable to connect to the database.
Main connection [MySQLi]: MySQL server has gone away
in SYSTEMPATH/Database/BaseConnection.php on line 416.
 1 SYSTEMPATH/Database/BaseConnection.php(586): CodeIgniter\Database\BaseConnection->initialize()
 2 APPPATH/Models/Crud_model.php(26): CodeIgniter\Database\BaseConnection->query('SET sql_mode = \'\'')
 3 APPPATH/Models/Settings_model.php(11): App\Models\Crud_model->__construct('settings')
 4 SYSTEMPATH/Config/Factories.php(126): App\Models\Settings_model->__construct(null)
 5 SYSTEMPATH/Config/Factories.php(83): CodeIgniter\Config\Factories::__callStatic('models', [...])
 6 SYSTEMPATH/Common.php(811): CodeIgniter\Config\Factories::models('App\\Models\\Settings_model', [...], null)
 7 APPPATH/Controllers/App_Controller.php(31): model('App\\Models\\Settings_model')
 8 APPPATH/Controllers/Security_Controller.php(17): App\Controllers\App_Controller->__construct()
 9 APPPATH/Controllers/Messages.php(8): App\Controllers\Security_Controller->__construct()
10 SYSTEMPATH/CodeIgniter.php(858): App\Controllers\Messages->__construct()
11 SYSTEMPATH/CodeIgniter.php(457): CodeIgniter\CodeIgniter->createController()
12 SYSTEMPATH/CodeIgniter.php(349): CodeIgniter\CodeIgniter->handleRequest(null, Object(Config\Cache), false)
13 FCPATH/index.php(79): CodeIgniter\CodeIgniter->run()
ERROR - 2023-06-05 15:50:56 --> Error connecting to the database: MySQL server has gone away
CRITICAL - 2023-06-05 15:50:56 --> Unable to connect to the database.
Main connection [MySQLi]: MySQL server has gone away
in SYSTEMPATH/Database/BaseConnection.php on line 416.
 1 SYSTEMPATH/Database/BaseConnection.php(586): CodeIgniter\Database\BaseConnection->initialize()
 2 APPPATH/Models/Crud_model.php(26): CodeIgniter\Database\BaseConnection->query('SET sql_mode = \'\'')
 3 APPPATH/Models/Settings_model.php(11): App\Models\Crud_model->__construct('settings')
 4 SYSTEMPATH/Config/Factories.php(126): App\Models\Settings_model->__construct(null)
 5 SYSTEMPATH/Config/Factories.php(83): CodeIgniter\Config\Factories::__callStatic('models', [...])
 6 SYSTEMPATH/Common.php(811): CodeIgniter\Config\Factories::models('App\\Models\\Settings_model', [...], null)
 7 APPPATH/Controllers/App_Controller.php(31): model('App\\Models\\Settings_model')
 8 APPPATH/Controllers/Security_Controller.php(17): App\Controllers\App_Controller->__construct()
 9 APPPATH/Controllers/Notifications.php(8): App\Controllers\Security_Controller->__construct()
10 SYSTEMPATH/CodeIgniter.php(858): App\Controllers\Notifications->__construct()
11 SYSTEMPATH/CodeIgniter.php(457): CodeIgniter\CodeIgniter->createController()
12 SYSTEMPATH/CodeIgniter.php(349): CodeIgniter\CodeIgniter->handleRequest(null, Object(Config\Cache), false)
13 FCPATH/index.php(79): CodeIgniter\CodeIgniter->run()
CRITICAL - 2023-06-05 16:36:24 --> Call to undefined function prefixed_table_fields_wildcard()
in FCPATH/plugins/Purchase/Helpers/purchase_datatables_helper.php on line 108.
 1 FCPATH/plugins/Purchase/Views/quotations/table_estimates.php(56): data_tables_init1([...], 'id', 'rise_pur_estimates', [...], [], [...], '/home2/serlisa/public_html/sistema', [], [...])
 2 FCPATH/plugins/Purchase/Models/Purchase_model.php(648): include_once('FCPATH/plugins/Purchase/Views/quotations/table_estimates.php')
 3 FCPATH/plugins/Purchase/Controllers/Purchase.php(2554): Purchase\Models\Purchase_model->get_table_data('FCPATH/plugins/Purchase/Views/quotations/table_estimates', [...])
 4 SYSTEMPATH/CodeIgniter.php(896): Purchase\Controllers\Purchase->table_estimates()
 5 SYSTEMPATH/CodeIgniter.php(466): CodeIgniter\CodeIgniter->runController(Object(Purchase\Controllers\Purchase))
 6 SYSTEMPATH/CodeIgniter.php(349): CodeIgniter\CodeIgniter->handleRequest(null, Object(Config\Cache), false)
 7 FCPATH/index.php(79): CodeIgniter\CodeIgniter->run()
CRITICAL - 2023-06-05 17:23:04 --> The action you requested is not allowed.
in SYSTEMPATH/Security/Security.php on line 286.
 1 SYSTEMPATH/Security/Security.php(286): CodeIgniter\Security\Exceptions\SecurityException::forDisallowedAction()
 2 SYSTEMPATH/Filters/CSRF.php(54): CodeIgniter\Security\Security->verify(Object(CodeIgniter\HTTP\IncomingRequest))
 3 SYSTEMPATH/Filters/Filters.php(173): CodeIgniter\Filters\CSRF->before(Object(CodeIgniter\HTTP\IncomingRequest), null)
 4 SYSTEMPATH/CodeIgniter.php(440): CodeIgniter\Filters\Filters->run('messages/count_notifications', 'before')
 5 SYSTEMPATH/CodeIgniter.php(349): CodeIgniter\CodeIgniter->handleRequest(null, Object(Config\Cache), false)
 6 FCPATH/index.php(79): CodeIgniter\CodeIgniter->run()
