CRITICAL - 2023-06-23 13:51:21 --> require_once(C:\xampp\htdocs\rise\app\ThirdParty/Google/google-api-php-client/vendor/autoload.php): Failed to open stream: No such file or directory
in APPPATH\Libraries\Google_calendar.php on line 15.
 1 APPPATH\Libraries\Google_calendar.php(15): CodeIgniter\Debug\Exceptions->errorHandler(2, 'require_once(C:\\xampp\\htdocs\\rise\\app\\ThirdParty/Google/google-api-php-client/vendor/autoload.php): Failed to open stream: No such file or directory', 'APPPATH\\Libraries\\Google_calendar.php', 15)
 2 APPPATH\Libraries\Google_calendar.php(15): require_once()
 3 APPPATH\Controllers\Events.php(13): App\Libraries\Google_calendar->__construct()
 4 SYSTEMPATH\CodeIgniter.php(858): App\Controllers\Events->__construct()
 5 SYSTEMPATH\CodeIgniter.php(457): CodeIgniter\CodeIgniter->createController()
 6 SYSTEMPATH\CodeIgniter.php(349): CodeIgniter\CodeIgniter->handleRequest(null, Object(Config\Cache), false)
 7 FCPATH\index.php(82): CodeIgniter\CodeIgniter->run()
CRITICAL - 2023-06-23 13:51:27 --> require_once(C:\xampp\htdocs\rise\app\ThirdParty/Google/google-api-php-client/vendor/autoload.php): Failed to open stream: No such file or directory
in APPPATH\Libraries\Google_calendar.php on line 15.
 1 APPPATH\Libraries\Google_calendar.php(15): CodeIgniter\Debug\Exceptions->errorHandler(2, 'require_once(C:\\xampp\\htdocs\\rise\\app\\ThirdParty/Google/google-api-php-client/vendor/autoload.php): Failed to open stream: No such file or directory', 'APPPATH\\Libraries\\Google_calendar.php', 15)
 2 APPPATH\Libraries\Google_calendar.php(15): require_once()
 3 APPPATH\Controllers\Events.php(13): App\Libraries\Google_calendar->__construct()
 4 SYSTEMPATH\CodeIgniter.php(858): App\Controllers\Events->__construct()
 5 SYSTEMPATH\CodeIgniter.php(457): CodeIgniter\CodeIgniter->createController()
 6 SYSTEMPATH\CodeIgniter.php(349): CodeIgniter\CodeIgniter->handleRequest(null, Object(Config\Cache), false)
 7 FCPATH\index.php(82): CodeIgniter\CodeIgniter->run()
CRITICAL - 2023-06-23 13:51:40 --> require_once(C:\xampp\htdocs\rise\app\ThirdParty/Google/google-api-php-client/vendor/autoload.php): Failed to open stream: No such file or directory
in APPPATH\Libraries\Google_calendar.php on line 15.
 1 APPPATH\Libraries\Google_calendar.php(15): CodeIgniter\Debug\Exceptions->errorHandler(2, 'require_once(C:\\xampp\\htdocs\\rise\\app\\ThirdParty/Google/google-api-php-client/vendor/autoload.php): Failed to open stream: No such file or directory', 'APPPATH\\Libraries\\Google_calendar.php', 15)
 2 APPPATH\Libraries\Google_calendar.php(15): require_once()
 3 APPPATH\Controllers\Events.php(13): App\Libraries\Google_calendar->__construct()
 4 SYSTEMPATH\CodeIgniter.php(858): App\Controllers\Events->__construct()
 5 SYSTEMPATH\CodeIgniter.php(457): CodeIgniter\CodeIgniter->createController()
 6 SYSTEMPATH\CodeIgniter.php(349): CodeIgniter\CodeIgniter->handleRequest(null, Object(Config\Cache), false)
 7 FCPATH\index.php(82): CodeIgniter\CodeIgniter->run()
CRITICAL - 2023-06-23 13:51:47 --> require_once(C:\xampp\htdocs\rise\app\ThirdParty/Google/google-api-php-client/vendor/autoload.php): Failed to open stream: No such file or directory
in APPPATH\Libraries\Google_calendar.php on line 15.
 1 APPPATH\Libraries\Google_calendar.php(15): CodeIgniter\Debug\Exceptions->errorHandler(2, 'require_once(C:\\xampp\\htdocs\\rise\\app\\ThirdParty/Google/google-api-php-client/vendor/autoload.php): Failed to open stream: No such file or directory', 'APPPATH\\Libraries\\Google_calendar.php', 15)
 2 APPPATH\Libraries\Google_calendar.php(15): require_once()
 3 APPPATH\Controllers\Events.php(13): App\Libraries\Google_calendar->__construct()
 4 SYSTEMPATH\CodeIgniter.php(858): App\Controllers\Events->__construct()
 5 SYSTEMPATH\CodeIgniter.php(457): CodeIgniter\CodeIgniter->createController()
 6 SYSTEMPATH\CodeIgniter.php(349): CodeIgniter\CodeIgniter->handleRequest(null, Object(Config\Cache), false)
 7 FCPATH\index.php(82): CodeIgniter\CodeIgniter->run()
CRITICAL - 2023-06-23 13:52:03 --> require_once(C:\xampp\htdocs\rise\app\ThirdParty/Google/google-api-php-client/vendor/autoload.php): Failed to open stream: No such file or directory
in APPPATH\Libraries\Google_calendar.php on line 15.
 1 APPPATH\Libraries\Google_calendar.php(15): CodeIgniter\Debug\Exceptions->errorHandler(2, 'require_once(C:\\xampp\\htdocs\\rise\\app\\ThirdParty/Google/google-api-php-client/vendor/autoload.php): Failed to open stream: No such file or directory', 'APPPATH\\Libraries\\Google_calendar.php', 15)
 2 APPPATH\Libraries\Google_calendar.php(15): require_once()
 3 APPPATH\Controllers\Events.php(13): App\Libraries\Google_calendar->__construct()
 4 SYSTEMPATH\CodeIgniter.php(858): App\Controllers\Events->__construct()
 5 SYSTEMPATH\CodeIgniter.php(457): CodeIgniter\CodeIgniter->createController()
 6 SYSTEMPATH\CodeIgniter.php(349): CodeIgniter\CodeIgniter->handleRequest(null, Object(Config\Cache), false)
 7 FCPATH\index.php(82): CodeIgniter\CodeIgniter->run()
CRITICAL - 2023-06-23 13:52:10 --> require_once(C:\xampp\htdocs\rise\app\ThirdParty/Google/google-api-php-client/vendor/autoload.php): Failed to open stream: No such file or directory
in APPPATH\Libraries\Google_calendar.php on line 15.
 1 APPPATH\Libraries\Google_calendar.php(15): CodeIgniter\Debug\Exceptions->errorHandler(2, 'require_once(C:\\xampp\\htdocs\\rise\\app\\ThirdParty/Google/google-api-php-client/vendor/autoload.php): Failed to open stream: No such file or directory', 'APPPATH\\Libraries\\Google_calendar.php', 15)
 2 APPPATH\Libraries\Google_calendar.php(15): require_once()
 3 APPPATH\Controllers\Events.php(13): App\Libraries\Google_calendar->__construct()
 4 SYSTEMPATH\CodeIgniter.php(858): App\Controllers\Events->__construct()
 5 SYSTEMPATH\CodeIgniter.php(457): CodeIgniter\CodeIgniter->createController()
 6 SYSTEMPATH\CodeIgniter.php(349): CodeIgniter\CodeIgniter->handleRequest(null, Object(Config\Cache), false)
 7 FCPATH\index.php(82): CodeIgniter\CodeIgniter->run()
CRITICAL - 2023-06-23 13:52:14 --> require_once(C:\xampp\htdocs\rise\app\ThirdParty/Google/google-api-php-client/vendor/autoload.php): Failed to open stream: No such file or directory
in APPPATH\Libraries\Google_calendar.php on line 15.
 1 APPPATH\Libraries\Google_calendar.php(15): CodeIgniter\Debug\Exceptions->errorHandler(2, 'require_once(C:\\xampp\\htdocs\\rise\\app\\ThirdParty/Google/google-api-php-client/vendor/autoload.php): Failed to open stream: No such file or directory', 'APPPATH\\Libraries\\Google_calendar.php', 15)
 2 APPPATH\Libraries\Google_calendar.php(15): require_once()
 3 APPPATH\Controllers\Events.php(13): App\Libraries\Google_calendar->__construct()
 4 SYSTEMPATH\CodeIgniter.php(858): App\Controllers\Events->__construct()
 5 SYSTEMPATH\CodeIgniter.php(457): CodeIgniter\CodeIgniter->createController()
 6 SYSTEMPATH\CodeIgniter.php(349): CodeIgniter\CodeIgniter->handleRequest(null, Object(Config\Cache), false)
 7 FCPATH\index.php(82): CodeIgniter\CodeIgniter->run()
CRITICAL - 2023-06-23 13:52:17 --> require_once(C:\xampp\htdocs\rise\app\ThirdParty/Google/google-api-php-client/vendor/autoload.php): Failed to open stream: No such file or directory
in APPPATH\Libraries\Google_calendar.php on line 15.
 1 APPPATH\Libraries\Google_calendar.php(15): CodeIgniter\Debug\Exceptions->errorHandler(2, 'require_once(C:\\xampp\\htdocs\\rise\\app\\ThirdParty/Google/google-api-php-client/vendor/autoload.php): Failed to open stream: No such file or directory', 'APPPATH\\Libraries\\Google_calendar.php', 15)
 2 APPPATH\Libraries\Google_calendar.php(15): require_once()
 3 APPPATH\Controllers\Events.php(13): App\Libraries\Google_calendar->__construct()
 4 SYSTEMPATH\CodeIgniter.php(858): App\Controllers\Events->__construct()
 5 SYSTEMPATH\CodeIgniter.php(457): CodeIgniter\CodeIgniter->createController()
 6 SYSTEMPATH\CodeIgniter.php(349): CodeIgniter\CodeIgniter->handleRequest(null, Object(Config\Cache), false)
 7 FCPATH\index.php(82): CodeIgniter\CodeIgniter->run()
CRITICAL - 2023-06-23 13:52:28 --> require_once(C:\xampp\htdocs\rise\app\ThirdParty/Google/google-api-php-client/vendor/autoload.php): Failed to open stream: No such file or directory
in APPPATH\Libraries\Google_calendar.php on line 15.
 1 APPPATH\Libraries\Google_calendar.php(15): CodeIgniter\Debug\Exceptions->errorHandler(2, 'require_once(C:\\xampp\\htdocs\\rise\\app\\ThirdParty/Google/google-api-php-client/vendor/autoload.php): Failed to open stream: No such file or directory', 'APPPATH\\Libraries\\Google_calendar.php', 15)
 2 APPPATH\Libraries\Google_calendar.php(15): require_once()
 3 APPPATH\Controllers\Events.php(13): App\Libraries\Google_calendar->__construct()
 4 SYSTEMPATH\CodeIgniter.php(858): App\Controllers\Events->__construct()
 5 SYSTEMPATH\CodeIgniter.php(457): CodeIgniter\CodeIgniter->createController()
 6 SYSTEMPATH\CodeIgniter.php(349): CodeIgniter\CodeIgniter->handleRequest(null, Object(Config\Cache), false)
 7 FCPATH\index.php(82): CodeIgniter\CodeIgniter->run()
CRITICAL - 2023-06-23 13:52:48 --> require_once(C:\xampp\htdocs\rise\app\ThirdParty/Google/google-api-php-client/vendor/autoload.php): Failed to open stream: No such file or directory
in APPPATH\Libraries\Google_calendar.php on line 15.
 1 APPPATH\Libraries\Google_calendar.php(15): CodeIgniter\Debug\Exceptions->errorHandler(2, 'require_once(C:\\xampp\\htdocs\\rise\\app\\ThirdParty/Google/google-api-php-client/vendor/autoload.php): Failed to open stream: No such file or directory', 'APPPATH\\Libraries\\Google_calendar.php', 15)
 2 APPPATH\Libraries\Google_calendar.php(15): require_once()
 3 APPPATH\Controllers\Events.php(13): App\Libraries\Google_calendar->__construct()
 4 SYSTEMPATH\CodeIgniter.php(858): App\Controllers\Events->__construct()
 5 SYSTEMPATH\CodeIgniter.php(457): CodeIgniter\CodeIgniter->createController()
 6 SYSTEMPATH\CodeIgniter.php(349): CodeIgniter\CodeIgniter->handleRequest(null, Object(Config\Cache), false)
 7 FCPATH\index.php(82): CodeIgniter\CodeIgniter->run()
CRITICAL - 2023-06-23 13:52:56 --> require_once(C:\xampp\htdocs\rise\app\ThirdParty/Google/google-api-php-client/vendor/autoload.php): Failed to open stream: No such file or directory
in APPPATH\Libraries\Google_calendar.php on line 15.
 1 APPPATH\Libraries\Google_calendar.php(15): CodeIgniter\Debug\Exceptions->errorHandler(2, 'require_once(C:\\xampp\\htdocs\\rise\\app\\ThirdParty/Google/google-api-php-client/vendor/autoload.php): Failed to open stream: No such file or directory', 'APPPATH\\Libraries\\Google_calendar.php', 15)
 2 APPPATH\Libraries\Google_calendar.php(15): require_once()
 3 APPPATH\Controllers\Events.php(13): App\Libraries\Google_calendar->__construct()
 4 SYSTEMPATH\CodeIgniter.php(858): App\Controllers\Events->__construct()
 5 SYSTEMPATH\CodeIgniter.php(457): CodeIgniter\CodeIgniter->createController()
 6 SYSTEMPATH\CodeIgniter.php(349): CodeIgniter\CodeIgniter->handleRequest(null, Object(Config\Cache), false)
 7 FCPATH\index.php(82): CodeIgniter\CodeIgniter->run()
CRITICAL - 2023-06-23 13:53:03 --> require_once(C:\xampp\htdocs\rise\app\ThirdParty/Google/google-api-php-client/vendor/autoload.php): Failed to open stream: No such file or directory
in APPPATH\Libraries\Google_calendar.php on line 15.
 1 APPPATH\Libraries\Google_calendar.php(15): CodeIgniter\Debug\Exceptions->errorHandler(2, 'require_once(C:\\xampp\\htdocs\\rise\\app\\ThirdParty/Google/google-api-php-client/vendor/autoload.php): Failed to open stream: No such file or directory', 'APPPATH\\Libraries\\Google_calendar.php', 15)
 2 APPPATH\Libraries\Google_calendar.php(15): require_once()
 3 APPPATH\Controllers\Events.php(13): App\Libraries\Google_calendar->__construct()
 4 SYSTEMPATH\CodeIgniter.php(858): App\Controllers\Events->__construct()
 5 SYSTEMPATH\CodeIgniter.php(457): CodeIgniter\CodeIgniter->createController()
 6 SYSTEMPATH\CodeIgniter.php(349): CodeIgniter\CodeIgniter->handleRequest(null, Object(Config\Cache), false)
 7 FCPATH\index.php(82): CodeIgniter\CodeIgniter->run()
CRITICAL - 2023-06-23 13:53:18 --> require_once(C:\xampp\htdocs\rise\app\ThirdParty/Google/google-api-php-client/vendor/autoload.php): Failed to open stream: No such file or directory
in APPPATH\Libraries\Google_calendar.php on line 15.
 1 APPPATH\Libraries\Google_calendar.php(15): CodeIgniter\Debug\Exceptions->errorHandler(2, 'require_once(C:\\xampp\\htdocs\\rise\\app\\ThirdParty/Google/google-api-php-client/vendor/autoload.php): Failed to open stream: No such file or directory', 'APPPATH\\Libraries\\Google_calendar.php', 15)
 2 APPPATH\Libraries\Google_calendar.php(15): require_once()
 3 APPPATH\Controllers\Events.php(13): App\Libraries\Google_calendar->__construct()
 4 SYSTEMPATH\CodeIgniter.php(858): App\Controllers\Events->__construct()
 5 SYSTEMPATH\CodeIgniter.php(457): CodeIgniter\CodeIgniter->createController()
 6 SYSTEMPATH\CodeIgniter.php(349): CodeIgniter\CodeIgniter->handleRequest(null, Object(Config\Cache), false)
 7 FCPATH\index.php(82): CodeIgniter\CodeIgniter->run()
CRITICAL - 2023-06-23 13:53:36 --> require_once(C:\xampp\htdocs\rise\app\ThirdParty/Google/google-api-php-client/vendor/autoload.php): Failed to open stream: No such file or directory
in APPPATH\Libraries\Google_calendar.php on line 15.
 1 APPPATH\Libraries\Google_calendar.php(15): CodeIgniter\Debug\Exceptions->errorHandler(2, 'require_once(C:\\xampp\\htdocs\\rise\\app\\ThirdParty/Google/google-api-php-client/vendor/autoload.php): Failed to open stream: No such file or directory', 'APPPATH\\Libraries\\Google_calendar.php', 15)
 2 APPPATH\Libraries\Google_calendar.php(15): require_once()
 3 APPPATH\Controllers\Events.php(13): App\Libraries\Google_calendar->__construct()
 4 SYSTEMPATH\CodeIgniter.php(858): App\Controllers\Events->__construct()
 5 SYSTEMPATH\CodeIgniter.php(457): CodeIgniter\CodeIgniter->createController()
 6 SYSTEMPATH\CodeIgniter.php(349): CodeIgniter\CodeIgniter->handleRequest(null, Object(Config\Cache), false)
 7 FCPATH\index.php(82): CodeIgniter\CodeIgniter->run()
CRITICAL - 2023-06-23 13:53:41 --> require_once(C:\xampp\htdocs\rise\app\ThirdParty/Google/google-api-php-client/vendor/autoload.php): Failed to open stream: No such file or directory
in APPPATH\Libraries\Google_calendar.php on line 15.
 1 APPPATH\Libraries\Google_calendar.php(15): CodeIgniter\Debug\Exceptions->errorHandler(2, 'require_once(C:\\xampp\\htdocs\\rise\\app\\ThirdParty/Google/google-api-php-client/vendor/autoload.php): Failed to open stream: No such file or directory', 'APPPATH\\Libraries\\Google_calendar.php', 15)
 2 APPPATH\Libraries\Google_calendar.php(15): require_once()
 3 APPPATH\Controllers\Events.php(13): App\Libraries\Google_calendar->__construct()
 4 SYSTEMPATH\CodeIgniter.php(858): App\Controllers\Events->__construct()
 5 SYSTEMPATH\CodeIgniter.php(457): CodeIgniter\CodeIgniter->createController()
 6 SYSTEMPATH\CodeIgniter.php(349): CodeIgniter\CodeIgniter->handleRequest(null, Object(Config\Cache), false)
 7 FCPATH\index.php(82): CodeIgniter\CodeIgniter->run()
CRITICAL - 2023-06-23 13:55:10 --> require_once(C:\xampp\htdocs\rise\app\ThirdParty/Google/google-api-php-client/vendor/autoload.php): Failed to open stream: No such file or directory
in APPPATH\Libraries\Google_calendar.php on line 15.
 1 APPPATH\Libraries\Google_calendar.php(15): CodeIgniter\Debug\Exceptions->errorHandler(2, 'require_once(C:\\xampp\\htdocs\\rise\\app\\ThirdParty/Google/google-api-php-client/vendor/autoload.php): Failed to open stream: No such file or directory', 'APPPATH\\Libraries\\Google_calendar.php', 15)
 2 APPPATH\Libraries\Google_calendar.php(15): require_once()
 3 APPPATH\Controllers\Events.php(13): App\Libraries\Google_calendar->__construct()
 4 SYSTEMPATH\CodeIgniter.php(858): App\Controllers\Events->__construct()
 5 SYSTEMPATH\CodeIgniter.php(457): CodeIgniter\CodeIgniter->createController()
 6 SYSTEMPATH\CodeIgniter.php(349): CodeIgniter\CodeIgniter->handleRequest(null, Object(Config\Cache), false)
 7 FCPATH\index.php(82): CodeIgniter\CodeIgniter->run()
CRITICAL - 2023-06-23 13:55:21 --> require_once(C:\xampp\htdocs\rise\app\ThirdParty/Google/google-api-php-client/vendor/autoload.php): Failed to open stream: No such file or directory
in APPPATH\Libraries\Google_calendar.php on line 15.
 1 APPPATH\Libraries\Google_calendar.php(15): CodeIgniter\Debug\Exceptions->errorHandler(2, 'require_once(C:\\xampp\\htdocs\\rise\\app\\ThirdParty/Google/google-api-php-client/vendor/autoload.php): Failed to open stream: No such file or directory', 'APPPATH\\Libraries\\Google_calendar.php', 15)
 2 APPPATH\Libraries\Google_calendar.php(15): require_once()
 3 APPPATH\Controllers\Events.php(13): App\Libraries\Google_calendar->__construct()
 4 SYSTEMPATH\CodeIgniter.php(858): App\Controllers\Events->__construct()
 5 SYSTEMPATH\CodeIgniter.php(457): CodeIgniter\CodeIgniter->createController()
 6 SYSTEMPATH\CodeIgniter.php(349): CodeIgniter\CodeIgniter->handleRequest(null, Object(Config\Cache), false)
 7 FCPATH\index.php(82): CodeIgniter\CodeIgniter->run()
CRITICAL - 2023-06-23 13:55:25 --> require_once(C:\xampp\htdocs\rise\app\ThirdParty/Google/google-api-php-client/vendor/autoload.php): Failed to open stream: No such file or directory
in APPPATH\Libraries\Google_calendar.php on line 15.
 1 APPPATH\Libraries\Google_calendar.php(15): CodeIgniter\Debug\Exceptions->errorHandler(2, 'require_once(C:\\xampp\\htdocs\\rise\\app\\ThirdParty/Google/google-api-php-client/vendor/autoload.php): Failed to open stream: No such file or directory', 'APPPATH\\Libraries\\Google_calendar.php', 15)
 2 APPPATH\Libraries\Google_calendar.php(15): require_once()
 3 APPPATH\Controllers\Events.php(13): App\Libraries\Google_calendar->__construct()
 4 SYSTEMPATH\CodeIgniter.php(858): App\Controllers\Events->__construct()
 5 SYSTEMPATH\CodeIgniter.php(457): CodeIgniter\CodeIgniter->createController()
 6 SYSTEMPATH\CodeIgniter.php(349): CodeIgniter\CodeIgniter->handleRequest(null, Object(Config\Cache), false)
 7 FCPATH\index.php(82): CodeIgniter\CodeIgniter->run()
CRITICAL - 2023-06-23 13:55:32 --> require_once(C:\xampp\htdocs\rise\app\ThirdParty/Google/google-api-php-client/vendor/autoload.php): Failed to open stream: No such file or directory
in APPPATH\Libraries\Google_calendar.php on line 15.
 1 APPPATH\Libraries\Google_calendar.php(15): CodeIgniter\Debug\Exceptions->errorHandler(2, 'require_once(C:\\xampp\\htdocs\\rise\\app\\ThirdParty/Google/google-api-php-client/vendor/autoload.php): Failed to open stream: No such file or directory', 'APPPATH\\Libraries\\Google_calendar.php', 15)
 2 APPPATH\Libraries\Google_calendar.php(15): require_once()
 3 APPPATH\Controllers\Events.php(13): App\Libraries\Google_calendar->__construct()
 4 SYSTEMPATH\CodeIgniter.php(858): App\Controllers\Events->__construct()
 5 SYSTEMPATH\CodeIgniter.php(457): CodeIgniter\CodeIgniter->createController()
 6 SYSTEMPATH\CodeIgniter.php(349): CodeIgniter\CodeIgniter->handleRequest(null, Object(Config\Cache), false)
 7 FCPATH\index.php(82): CodeIgniter\CodeIgniter->run()
CRITICAL - 2023-06-23 13:55:45 --> require_once(C:\xampp\htdocs\rise\app\ThirdParty/Google/google-api-php-client/vendor/autoload.php): Failed to open stream: No such file or directory
in APPPATH\Libraries\Google_calendar.php on line 15.
 1 APPPATH\Libraries\Google_calendar.php(15): CodeIgniter\Debug\Exceptions->errorHandler(2, 'require_once(C:\\xampp\\htdocs\\rise\\app\\ThirdParty/Google/google-api-php-client/vendor/autoload.php): Failed to open stream: No such file or directory', 'APPPATH\\Libraries\\Google_calendar.php', 15)
 2 APPPATH\Libraries\Google_calendar.php(15): require_once()
 3 APPPATH\Controllers\Events.php(13): App\Libraries\Google_calendar->__construct()
 4 SYSTEMPATH\CodeIgniter.php(858): App\Controllers\Events->__construct()
 5 SYSTEMPATH\CodeIgniter.php(457): CodeIgniter\CodeIgniter->createController()
 6 SYSTEMPATH\CodeIgniter.php(349): CodeIgniter\CodeIgniter->handleRequest(null, Object(Config\Cache), false)
 7 FCPATH\index.php(82): CodeIgniter\CodeIgniter->run()
CRITICAL - 2023-06-23 13:56:36 --> require_once(C:\xampp\htdocs\rise\app\ThirdParty/Google/google-api-php-client/vendor/autoload.php): Failed to open stream: No such file or directory
in APPPATH\Libraries\Google_calendar.php on line 15.
 1 APPPATH\Libraries\Google_calendar.php(15): CodeIgniter\Debug\Exceptions->errorHandler(2, 'require_once(C:\\xampp\\htdocs\\rise\\app\\ThirdParty/Google/google-api-php-client/vendor/autoload.php): Failed to open stream: No such file or directory', 'APPPATH\\Libraries\\Google_calendar.php', 15)
 2 APPPATH\Libraries\Google_calendar.php(15): require_once()
 3 APPPATH\Controllers\Events.php(13): App\Libraries\Google_calendar->__construct()
 4 SYSTEMPATH\CodeIgniter.php(858): App\Controllers\Events->__construct()
 5 SYSTEMPATH\CodeIgniter.php(457): CodeIgniter\CodeIgniter->createController()
 6 SYSTEMPATH\CodeIgniter.php(349): CodeIgniter\CodeIgniter->handleRequest(null, Object(Config\Cache), false)
 7 FCPATH\index.php(82): CodeIgniter\CodeIgniter->run()
CRITICAL - 2023-06-23 21:11:52 --> require_once(C:\xampp\htdocs\rise\app\ThirdParty/Google/google-api-php-client/vendor/autoload.php): Failed to open stream: No such file or directory
in APPPATH\Libraries\Google_calendar.php on line 15.
 1 APPPATH\Libraries\Google_calendar.php(15): CodeIgniter\Debug\Exceptions->errorHandler(2, 'require_once(C:\\xampp\\htdocs\\rise\\app\\ThirdParty/Google/google-api-php-client/vendor/autoload.php): Failed to open stream: No such file or directory', 'APPPATH\\Libraries\\Google_calendar.php', 15)
 2 APPPATH\Libraries\Google_calendar.php(15): require_once()
 3 APPPATH\Controllers\Events.php(13): App\Libraries\Google_calendar->__construct()
 4 SYSTEMPATH\CodeIgniter.php(858): App\Controllers\Events->__construct()
 5 SYSTEMPATH\CodeIgniter.php(457): CodeIgniter\CodeIgniter->createController()
 6 SYSTEMPATH\CodeIgniter.php(349): CodeIgniter\CodeIgniter->handleRequest(null, Object(Config\Cache), false)
 7 FCPATH\index.php(82): CodeIgniter\CodeIgniter->run()
CRITICAL - 2023-06-23 21:12:17 --> require_once(C:\xampp\htdocs\rise\app\ThirdParty/Google/google-api-php-client/vendor/autoload.php): Failed to open stream: No such file or directory
in APPPATH\Libraries\Google_calendar.php on line 15.
 1 APPPATH\Libraries\Google_calendar.php(15): CodeIgniter\Debug\Exceptions->errorHandler(2, 'require_once(C:\\xampp\\htdocs\\rise\\app\\ThirdParty/Google/google-api-php-client/vendor/autoload.php): Failed to open stream: No such file or directory', 'APPPATH\\Libraries\\Google_calendar.php', 15)
 2 APPPATH\Libraries\Google_calendar.php(15): require_once()
 3 APPPATH\Controllers\Events.php(13): App\Libraries\Google_calendar->__construct()
 4 SYSTEMPATH\CodeIgniter.php(858): App\Controllers\Events->__construct()
 5 SYSTEMPATH\CodeIgniter.php(457): CodeIgniter\CodeIgniter->createController()
 6 SYSTEMPATH\CodeIgniter.php(349): CodeIgniter\CodeIgniter->handleRequest(null, Object(Config\Cache), false)
 7 FCPATH\index.php(82): CodeIgniter\CodeIgniter->run()
CRITICAL - 2023-06-23 21:12:21 --> require_once(C:\xampp\htdocs\rise\app\ThirdParty/Google/google-api-php-client/vendor/autoload.php): Failed to open stream: No such file or directory
in APPPATH\Libraries\Google_calendar.php on line 15.
 1 APPPATH\Libraries\Google_calendar.php(15): CodeIgniter\Debug\Exceptions->errorHandler(2, 'require_once(C:\\xampp\\htdocs\\rise\\app\\ThirdParty/Google/google-api-php-client/vendor/autoload.php): Failed to open stream: No such file or directory', 'APPPATH\\Libraries\\Google_calendar.php', 15)
 2 APPPATH\Libraries\Google_calendar.php(15): require_once()
 3 APPPATH\Controllers\Events.php(13): App\Libraries\Google_calendar->__construct()
 4 SYSTEMPATH\CodeIgniter.php(858): App\Controllers\Events->__construct()
 5 SYSTEMPATH\CodeIgniter.php(457): CodeIgniter\CodeIgniter->createController()
 6 SYSTEMPATH\CodeIgniter.php(349): CodeIgniter\CodeIgniter->handleRequest(null, Object(Config\Cache), false)
 7 FCPATH\index.php(82): CodeIgniter\CodeIgniter->run()
CRITICAL - 2023-06-23 21:12:24 --> Call to a member function get_dropdown_list() on null
in APPPATH\Controllers\Items.php on line 87.
 1 SYSTEMPATH\CodeIgniter.php(896): App\Controllers\Items->modal_form()
 2 SYSTEMPATH\CodeIgniter.php(466): CodeIgniter\CodeIgniter->runController(Object(App\Controllers\Items))
 3 SYSTEMPATH\CodeIgniter.php(349): CodeIgniter\CodeIgniter->handleRequest(null, Object(Config\Cache), false)
 4 FCPATH\index.php(82): CodeIgniter\CodeIgniter->run()
CRITICAL - 2023-06-23 21:12:28 --> Call to a member function get_dropdown_list() on null
in APPPATH\Controllers\Items.php on line 87.
 1 SYSTEMPATH\CodeIgniter.php(896): App\Controllers\Items->modal_form()
 2 SYSTEMPATH\CodeIgniter.php(466): CodeIgniter\CodeIgniter->runController(Object(App\Controllers\Items))
 3 SYSTEMPATH\CodeIgniter.php(349): CodeIgniter\CodeIgniter->handleRequest(null, Object(Config\Cache), false)
 4 FCPATH\index.php(82): CodeIgniter\CodeIgniter->run()
