CRITICAL - 2023-03-27 10:38:47 --> Undefined constant "APP_MODULES_PATH"
in FCPATH/plugins/Purchase/Helpers/purchase_convert_field_helper.php on line 576.
 1 FCPATH/plugins/Purchase/Helpers/purchase_convert_field_helper.php(561): module_dir_path()
 2 FCPATH/plugins/Purchase/Controllers/Purchase.php(790): module_views_path()
 3 SYSTEMPATH/CodeIgniter.php(896): Purchase\Controllers\Purchase->table_commodity_list()
 4 SYSTEMPATH/CodeIgniter.php(466): CodeIgniter\CodeIgniter->runController()
 5 SYSTEMPATH/CodeIgniter.php(349): CodeIgniter\CodeIgniter->handleRequest()
 6 FCPATH/index.php(79): CodeIgniter\CodeIgniter->run()
CRITICAL - 2023-03-27 10:50:20 --> Undefined constant "Purchase\Models\VIEWPATH"
in FCPATH/plugins/Purchase/Models/Purchase_model.php on line 632.
 1 FCPATH/plugins/Purchase/Controllers/Purchase.php(790): Purchase\Models\Purchase_model->get_table_data()
 2 SYSTEMPATH/CodeIgniter.php(896): Purchase\Controllers\Purchase->table_commodity_list()
 3 SYSTEMPATH/CodeIgniter.php(466): CodeIgniter\CodeIgniter->runController()
 4 SYSTEMPATH/CodeIgniter.php(349): CodeIgniter\CodeIgniter->handleRequest()
 5 FCPATH/index.php(79): CodeIgniter\CodeIgniter->run()
CRITICAL - 2023-03-27 10:50:23 --> Undefined constant "Purchase\Models\VIEWPATH"
in FCPATH/plugins/Purchase/Models/Purchase_model.php on line 632.
 1 FCPATH/plugins/Purchase/Controllers/Purchase.php(790): Purchase\Models\Purchase_model->get_table_data()
 2 SYSTEMPATH/CodeIgniter.php(896): Purchase\Controllers\Purchase->table_commodity_list()
 3 SYSTEMPATH/CodeIgniter.php(466): CodeIgniter\CodeIgniter->runController()
 4 SYSTEMPATH/CodeIgniter.php(349): CodeIgniter\CodeIgniter->handleRequest()
 5 FCPATH/index.php(79): CodeIgniter\CodeIgniter->run()
CRITICAL - 2023-03-27 10:54:02 --> Undefined constant "APP_MODULES_PATH"
in FCPATH/plugins/Purchase/Helpers/purchase_convert_field_helper.php on line 576.
 1 FCPATH/plugins/Purchase/Helpers/purchase_convert_field_helper.php(561): module_dir_path()
 2 FCPATH/plugins/Purchase/Controllers/Purchase.php(790): module_views_path()
 3 SYSTEMPATH/CodeIgniter.php(896): Purchase\Controllers\Purchase->table_commodity_list()
 4 SYSTEMPATH/CodeIgniter.php(466): CodeIgniter\CodeIgniter->runController()
 5 SYSTEMPATH/CodeIgniter.php(349): CodeIgniter\CodeIgniter->handleRequest()
 6 FCPATH/index.php(79): CodeIgniter\CodeIgniter->run()
CRITICAL - 2023-03-27 10:54:45 --> Undefined constant "APP_MODULES_PATH"
in FCPATH/plugins/Purchase/Helpers/purchase_convert_field_helper.php on line 576.
 1 FCPATH/plugins/Purchase/Helpers/purchase_convert_field_helper.php(561): module_dir_path()
 2 FCPATH/plugins/Purchase/Controllers/Purchase.php(790): module_views_path()
 3 SYSTEMPATH/CodeIgniter.php(896): Purchase\Controllers\Purchase->table_commodity_list()
 4 SYSTEMPATH/CodeIgniter.php(466): CodeIgniter\CodeIgniter->runController()
 5 SYSTEMPATH/CodeIgniter.php(349): CodeIgniter\CodeIgniter->handleRequest()
 6 FCPATH/index.php(79): CodeIgniter\CodeIgniter->run()
CRITICAL - 2023-03-27 10:54:47 --> Undefined constant "APP_MODULES_PATH"
in FCPATH/plugins/Purchase/Helpers/purchase_convert_field_helper.php on line 576.
 1 FCPATH/plugins/Purchase/Helpers/purchase_convert_field_helper.php(561): module_dir_path()
 2 FCPATH/plugins/Purchase/Controllers/Purchase.php(790): module_views_path()
 3 SYSTEMPATH/CodeIgniter.php(896): Purchase\Controllers\Purchase->table_commodity_list()
 4 SYSTEMPATH/CodeIgniter.php(466): CodeIgniter\CodeIgniter->runController()
 5 SYSTEMPATH/CodeIgniter.php(349): CodeIgniter\CodeIgniter->handleRequest()
 6 FCPATH/index.php(79): CodeIgniter\CodeIgniter->run()
CRITICAL - 2023-03-27 11:01:26 --> Undefined constant "APP_MODULES_PATH"
in FCPATH/plugins/Purchase/Helpers/purchase_convert_field_helper.php on line 576.
 1 FCPATH/plugins/Purchase/Helpers/purchase_convert_field_helper.php(561): module_dir_path()
 2 FCPATH/plugins/Purchase/Controllers/Purchase.php(790): module_views_path()
 3 SYSTEMPATH/CodeIgniter.php(896): Purchase\Controllers\Purchase->table_commodity_list()
 4 SYSTEMPATH/CodeIgniter.php(466): CodeIgniter\CodeIgniter->runController()
 5 SYSTEMPATH/CodeIgniter.php(349): CodeIgniter\CodeIgniter->handleRequest()
 6 FCPATH/index.php(79): CodeIgniter\CodeIgniter->run()
CRITICAL - 2023-03-27 11:01:35 --> Undefined constant "APP_MODULES_PATH"
in FCPATH/plugins/Purchase/Helpers/purchase_convert_field_helper.php on line 576.
 1 FCPATH/plugins/Purchase/Helpers/purchase_convert_field_helper.php(561): module_dir_path()
 2 FCPATH/plugins/Purchase/Controllers/Purchase.php(790): module_views_path()
 3 SYSTEMPATH/CodeIgniter.php(896): Purchase\Controllers\Purchase->table_commodity_list()
 4 SYSTEMPATH/CodeIgniter.php(466): CodeIgniter\CodeIgniter->runController()
 5 SYSTEMPATH/CodeIgniter.php(349): CodeIgniter\CodeIgniter->handleRequest()
 6 FCPATH/index.php(79): CodeIgniter\CodeIgniter->run()
CRITICAL - 2023-03-27 11:01:49 --> Undefined constant "APP_MODULES_PATH"
in FCPATH/plugins/Purchase/Helpers/purchase_convert_field_helper.php on line 576.
 1 FCPATH/plugins/Purchase/Helpers/purchase_convert_field_helper.php(561): module_dir_path()
 2 FCPATH/plugins/Purchase/Controllers/Purchase.php(790): module_views_path()
 3 SYSTEMPATH/CodeIgniter.php(896): Purchase\Controllers\Purchase->table_commodity_list()
 4 SYSTEMPATH/CodeIgniter.php(466): CodeIgniter\CodeIgniter->runController()
 5 SYSTEMPATH/CodeIgniter.php(349): CodeIgniter\CodeIgniter->handleRequest()
 6 FCPATH/index.php(79): CodeIgniter\CodeIgniter->run()
CRITICAL - 2023-03-27 11:05:12 --> The action you requested is not allowed.
in SYSTEMPATH/Security/Security.php on line 286.
 1 SYSTEMPATH/Security/Security.php(286): CodeIgniter\Security\Exceptions\SecurityException::forDisallowedAction()
 2 SYSTEMPATH/Filters/CSRF.php(54): CodeIgniter\Security\Security->verify()
 3 SYSTEMPATH/Filters/Filters.php(173): CodeIgniter\Filters\CSRF->before()
 4 SYSTEMPATH/CodeIgniter.php(440): CodeIgniter\Filters\Filters->run()
 5 SYSTEMPATH/CodeIgniter.php(349): CodeIgniter\CodeIgniter->handleRequest()
 6 FCPATH/index.php(79): CodeIgniter\CodeIgniter->run()
CRITICAL - 2023-03-27 11:05:15 --> The action you requested is not allowed.
in SYSTEMPATH/Security/Security.php on line 286.
 1 SYSTEMPATH/Security/Security.php(286): CodeIgniter\Security\Exceptions\SecurityException::forDisallowedAction()
 2 SYSTEMPATH/Filters/CSRF.php(54): CodeIgniter\Security\Security->verify()
 3 SYSTEMPATH/Filters/Filters.php(173): CodeIgniter\Filters\CSRF->before()
 4 SYSTEMPATH/CodeIgniter.php(440): CodeIgniter\Filters\Filters->run()
 5 SYSTEMPATH/CodeIgniter.php(349): CodeIgniter\CodeIgniter->handleRequest()
 6 FCPATH/index.php(79): CodeIgniter\CodeIgniter->run()
CRITICAL - 2023-03-27 11:05:21 --> The action you requested is not allowed.
in SYSTEMPATH/Security/Security.php on line 286.
 1 SYSTEMPATH/Security/Security.php(286): CodeIgniter\Security\Exceptions\SecurityException::forDisallowedAction()
 2 SYSTEMPATH/Filters/CSRF.php(54): CodeIgniter\Security\Security->verify()
 3 SYSTEMPATH/Filters/Filters.php(173): CodeIgniter\Filters\CSRF->before()
 4 SYSTEMPATH/CodeIgniter.php(440): CodeIgniter\Filters\Filters->run()
 5 SYSTEMPATH/CodeIgniter.php(349): CodeIgniter\CodeIgniter->handleRequest()
 6 FCPATH/index.php(79): CodeIgniter\CodeIgniter->run()
CRITICAL - 2023-03-27 11:07:44 --> Undefined constant "APP_MODULES_PATH"
in FCPATH/plugins/Purchase/Helpers/purchase_convert_field_helper.php on line 576.
 1 FCPATH/plugins/Purchase/Helpers/purchase_convert_field_helper.php(561): module_dir_path()
 2 FCPATH/plugins/Purchase/Controllers/Purchase.php(790): module_views_path()
 3 SYSTEMPATH/CodeIgniter.php(896): Purchase\Controllers\Purchase->table_commodity_list()
 4 SYSTEMPATH/CodeIgniter.php(466): CodeIgniter\CodeIgniter->runController()
 5 SYSTEMPATH/CodeIgniter.php(349): CodeIgniter\CodeIgniter->handleRequest()
 6 FCPATH/index.php(79): CodeIgniter\CodeIgniter->run()
CRITICAL - 2023-03-27 11:07:50 --> Undefined constant "APP_MODULES_PATH"
in FCPATH/plugins/Purchase/Helpers/purchase_convert_field_helper.php on line 576.
 1 FCPATH/plugins/Purchase/Helpers/purchase_convert_field_helper.php(561): module_dir_path()
 2 FCPATH/plugins/Purchase/Controllers/Purchase.php(790): module_views_path()
 3 SYSTEMPATH/CodeIgniter.php(896): Purchase\Controllers\Purchase->table_commodity_list()
 4 SYSTEMPATH/CodeIgniter.php(466): CodeIgniter\CodeIgniter->runController()
 5 SYSTEMPATH/CodeIgniter.php(349): CodeIgniter\CodeIgniter->handleRequest()
 6 FCPATH/index.php(79): CodeIgniter\CodeIgniter->run()
CRITICAL - 2023-03-27 11:07:54 --> Call to a member function warehouse_run_query() on null
in FCPATH/plugins/Purchase/Helpers/purchase_datatables_helper.php on line 281.
 1 FCPATH/plugins/Purchase/Controllers/Purchase.php(1538): data_tables_init1()
 2 SYSTEMPATH/CodeIgniter.php(896): Purchase\Controllers\Purchase->vendor_items_table()
 3 SYSTEMPATH/CodeIgniter.php(466): CodeIgniter\CodeIgniter->runController()
 4 SYSTEMPATH/CodeIgniter.php(349): CodeIgniter\CodeIgniter->handleRequest()
 5 FCPATH/index.php(79): CodeIgniter\CodeIgniter->run()
CRITICAL - 2023-03-27 11:07:57 --> Undefined constant "APP_MODULES_PATH"
in FCPATH/plugins/Purchase/Helpers/purchase_convert_field_helper.php on line 576.
 1 FCPATH/plugins/Purchase/Helpers/purchase_convert_field_helper.php(561): module_dir_path()
 2 FCPATH/plugins/Purchase/Controllers/Purchase.php(790): module_views_path()
 3 SYSTEMPATH/CodeIgniter.php(896): Purchase\Controllers\Purchase->table_commodity_list()
 4 SYSTEMPATH/CodeIgniter.php(466): CodeIgniter\CodeIgniter->runController()
 5 SYSTEMPATH/CodeIgniter.php(349): CodeIgniter\CodeIgniter->handleRequest()
 6 FCPATH/index.php(79): CodeIgniter\CodeIgniter->run()
CRITICAL - 2023-03-27 11:08:07 --> Undefined constant "APP_MODULES_PATH"
in FCPATH/plugins/Purchase/Helpers/purchase_convert_field_helper.php on line 576.
 1 FCPATH/plugins/Purchase/Helpers/purchase_convert_field_helper.php(561): module_dir_path()
 2 FCPATH/plugins/Purchase/Controllers/Purchase.php(790): module_views_path()
 3 SYSTEMPATH/CodeIgniter.php(896): Purchase\Controllers\Purchase->table_commodity_list()
 4 SYSTEMPATH/CodeIgniter.php(466): CodeIgniter\CodeIgniter->runController()
 5 SYSTEMPATH/CodeIgniter.php(349): CodeIgniter\CodeIgniter->handleRequest()
 6 FCPATH/index.php(79): CodeIgniter\CodeIgniter->run()
CRITICAL - 2023-03-27 11:08:11 --> Undefined constant "APP_MODULES_PATH"
in FCPATH/plugins/Purchase/Helpers/purchase_convert_field_helper.php on line 576.
 1 FCPATH/plugins/Purchase/Helpers/purchase_convert_field_helper.php(561): module_dir_path()
 2 FCPATH/plugins/Purchase/Controllers/Purchase.php(790): module_views_path()
 3 SYSTEMPATH/CodeIgniter.php(896): Purchase\Controllers\Purchase->table_commodity_list()
 4 SYSTEMPATH/CodeIgniter.php(466): CodeIgniter\CodeIgniter->runController()
 5 SYSTEMPATH/CodeIgniter.php(349): CodeIgniter\CodeIgniter->handleRequest()
 6 FCPATH/index.php(79): CodeIgniter\CodeIgniter->run()
CRITICAL - 2023-03-27 11:08:49 --> Use of undefined constant APP_MODULES_PATH - assumed 'APP_MODULES_PATH' (this will throw an Error in a future version of PHP)
in FCPATH/plugins/Purchase/Helpers/purchase_convert_field_helper.php on line 576.
 1 FCPATH/plugins/Purchase/Helpers/purchase_convert_field_helper.php(576): CodeIgniter\Debug\Exceptions->errorHandler(2, 'Use of undefined constant APP_MODULES_PATH - assumed \'APP_MODULES_PATH\' (this will throw an Error in a future version of PHP)', 'FCPATH/plugins/Purchase/Helpers/purchase_convert_field_helper.php', 576, [...])
 2 FCPATH/plugins/Purchase/Helpers/purchase_convert_field_helper.php(561): module_dir_path('Purchase')
 3 FCPATH/plugins/Purchase/Controllers/Purchase.php(790): module_views_path('Purchase', 'items/table_commodity_list')
 4 SYSTEMPATH/CodeIgniter.php(896): Purchase\Controllers\Purchase->table_commodity_list()
 5 SYSTEMPATH/CodeIgniter.php(466): CodeIgniter\CodeIgniter->runController(Object(Purchase\Controllers\Purchase))
 6 SYSTEMPATH/CodeIgniter.php(349): CodeIgniter\CodeIgniter->handleRequest(null, Object(Config\Cache), false)
 7 FCPATH/index.php(79): CodeIgniter\CodeIgniter->run()
CRITICAL - 2023-03-27 11:11:22 --> Use of undefined constant EXT - assumed 'EXT' (this will throw an Error in a future version of PHP)
in FCPATH/plugins/Purchase/Models/Purchase_model.php on line 632.
 1 FCPATH/plugins/Purchase/Models/Purchase_model.php(632): CodeIgniter\Debug\Exceptions->errorHandler(2, 'Use of undefined constant EXT - assumed \'EXT\' (this will throw an Error in a future version of PHP)', 'FCPATH/plugins/Purchase/Models/Purchase_model.php', 632, [...])
 2 FCPATH/plugins/Purchase/Controllers/Purchase.php(790): Purchase\Models\Purchase_model->get_table_data('FCPATH/plugins/Purchase/Views/items/table_commodity_list', [...])
 3 SYSTEMPATH/CodeIgniter.php(896): Purchase\Controllers\Purchase->table_commodity_list()
 4 SYSTEMPATH/CodeIgniter.php(466): CodeIgniter\CodeIgniter->runController(Object(Purchase\Controllers\Purchase))
 5 SYSTEMPATH/CodeIgniter.php(349): CodeIgniter\CodeIgniter->handleRequest(null, Object(Config\Cache), false)
 6 FCPATH/index.php(79): CodeIgniter\CodeIgniter->run()
CRITICAL - 2023-03-27 11:11:42 --> Use of undefined constant EXT - assumed 'EXT' (this will throw an Error in a future version of PHP)
in FCPATH/plugins/Purchase/Models/Purchase_model.php on line 632.
 1 FCPATH/plugins/Purchase/Models/Purchase_model.php(632): CodeIgniter\Debug\Exceptions->errorHandler(2, 'Use of undefined constant EXT - assumed \'EXT\' (this will throw an Error in a future version of PHP)', 'FCPATH/plugins/Purchase/Models/Purchase_model.php', 632, [...])
 2 FCPATH/plugins/Purchase/Controllers/Purchase.php(790): Purchase\Models\Purchase_model->get_table_data('FCPATH/plugins/Purchase/Views/items/table_commodity_list', [...])
 3 SYSTEMPATH/CodeIgniter.php(896): Purchase\Controllers\Purchase->table_commodity_list()
 4 SYSTEMPATH/CodeIgniter.php(466): CodeIgniter\CodeIgniter->runController(Object(Purchase\Controllers\Purchase))
 5 SYSTEMPATH/CodeIgniter.php(349): CodeIgniter\CodeIgniter->handleRequest(null, Object(Config\Cache), false)
 6 FCPATH/index.php(79): CodeIgniter\CodeIgniter->run()
CRITICAL - 2023-03-27 11:16:49 --> Use of undefined constant EXT - assumed 'EXT' (this will throw an Error in a future version of PHP)
in FCPATH/plugins/Purchase/Models/Purchase_model.php on line 638.
 1 FCPATH/plugins/Purchase/Models/Purchase_model.php(638): CodeIgniter\Debug\Exceptions->errorHandler(2, 'Use of undefined constant EXT - assumed \'EXT\' (this will throw an Error in a future version of PHP)', 'FCPATH/plugins/Purchase/Models/Purchase_model.php', 638, [...])
 2 FCPATH/plugins/Purchase/Controllers/Purchase.php(790): Purchase\Models\Purchase_model->get_table_data('FCPATH/plugins/Purchase/Views/items/table_commodity_list', [...])
 3 SYSTEMPATH/CodeIgniter.php(896): Purchase\Controllers\Purchase->table_commodity_list()
 4 SYSTEMPATH/CodeIgniter.php(466): CodeIgniter\CodeIgniter->runController(Object(Purchase\Controllers\Purchase))
 5 SYSTEMPATH/CodeIgniter.php(349): CodeIgniter\CodeIgniter->handleRequest(null, Object(Config\Cache), false)
 6 FCPATH/index.php(79): CodeIgniter\CodeIgniter->run()
CRITICAL - 2023-03-27 11:17:25 --> Use of undefined constant EXT - assumed 'EXT' (this will throw an Error in a future version of PHP)
in FCPATH/plugins/Purchase/Models/Purchase_model.php on line 632.
 1 FCPATH/plugins/Purchase/Models/Purchase_model.php(632): CodeIgniter\Debug\Exceptions->errorHandler(2, 'Use of undefined constant EXT - assumed \'EXT\' (this will throw an Error in a future version of PHP)', 'FCPATH/plugins/Purchase/Models/Purchase_model.php', 632, [...])
 2 FCPATH/plugins/Purchase/Controllers/Purchase.php(790): Purchase\Models\Purchase_model->get_table_data('FCPATH/plugins/Purchase/Views/items/table_commodity_list', [...])
 3 SYSTEMPATH/CodeIgniter.php(896): Purchase\Controllers\Purchase->table_commodity_list()
 4 SYSTEMPATH/CodeIgniter.php(466): CodeIgniter\CodeIgniter->runController(Object(Purchase\Controllers\Purchase))
 5 SYSTEMPATH/CodeIgniter.php(349): CodeIgniter\CodeIgniter->handleRequest(null, Object(Config\Cache), false)
 6 FCPATH/index.php(79): CodeIgniter\CodeIgniter->run()
CRITICAL - 2023-03-27 11:18:48 --> include_once(/home2/serlisa/public_html/sistema/plugins/Purchase/Views/items/table_commodity_listphp): failed to open stream: No such file or directory
in FCPATH/plugins/Purchase/Models/Purchase_model.php on line 648.
 1 FCPATH/plugins/Purchase/Models/Purchase_model.php(648): CodeIgniter\Debug\Exceptions->errorHandler(2, 'include_once(/home2/serlisa/public_html/sistema/plugins/Purchase/Views/items/table_commodity_listphp): failed to open stream: No such file or directory', 'FCPATH/plugins/Purchase/Models/Purchase_model.php', 648, [...])
 2 FCPATH/plugins/Purchase/Models/Purchase_model.php(648): include_once()
 3 FCPATH/plugins/Purchase/Controllers/Purchase.php(790): Purchase\Models\Purchase_model->get_table_data('FCPATH/plugins/Purchase/Views/items/table_commodity_list', [...])
 4 SYSTEMPATH/CodeIgniter.php(896): Purchase\Controllers\Purchase->table_commodity_list()
 5 SYSTEMPATH/CodeIgniter.php(466): CodeIgniter\CodeIgniter->runController(Object(Purchase\Controllers\Purchase))
 6 SYSTEMPATH/CodeIgniter.php(349): CodeIgniter\CodeIgniter->handleRequest(null, Object(Config\Cache), false)
 7 FCPATH/index.php(79): CodeIgniter\CodeIgniter->run()
CRITICAL - 2023-03-27 11:19:29 --> Call to undefined function prefixed_table_fields_wildcard()
in FCPATH/plugins/Purchase/Helpers/purchase_datatables_helper.php on line 108.
 1 FCPATH/plugins/Purchase/Views/items/table_commodity_list.php(67): data_tables_init1([...], 'id', 'rise_items', [...], [...], [...], '/home2/serlisa/public_html/sistema', [], [...])
 2 FCPATH/plugins/Purchase/Models/Purchase_model.php(648): include_once('FCPATH/plugins/Purchase/Views/items/table_commodity_list.php')
 3 FCPATH/plugins/Purchase/Controllers/Purchase.php(790): Purchase\Models\Purchase_model->get_table_data('FCPATH/plugins/Purchase/Views/items/table_commodity_list', [...])
 4 SYSTEMPATH/CodeIgniter.php(896): Purchase\Controllers\Purchase->table_commodity_list()
 5 SYSTEMPATH/CodeIgniter.php(466): CodeIgniter\CodeIgniter->runController(Object(Purchase\Controllers\Purchase))
 6 SYSTEMPATH/CodeIgniter.php(349): CodeIgniter\CodeIgniter->handleRequest(null, Object(Config\Cache), false)
 7 FCPATH/index.php(79): CodeIgniter\CodeIgniter->run()
CRITICAL - 2023-03-27 14:40:58 --> Call to undefined function prefixed_table_fields_wildcard()
in FCPATH/plugins/Purchase/Helpers/purchase_datatables_helper.php on line 108.
 1 FCPATH/plugins/Purchase/Views/items/table_commodity_list.php(67): data_tables_init1([...], 'id', 'rise_items', [...], [...], [...], '/home2/serlisa/public_html/sistema', [], [...])
 2 FCPATH/plugins/Purchase/Models/Purchase_model.php(648): include_once('FCPATH/plugins/Purchase/Views/items/table_commodity_list.php')
 3 FCPATH/plugins/Purchase/Controllers/Purchase.php(790): Purchase\Models\Purchase_model->get_table_data('FCPATH/plugins/Purchase/Views/items/table_commodity_list', [...])
 4 SYSTEMPATH/CodeIgniter.php(896): Purchase\Controllers\Purchase->table_commodity_list()
 5 SYSTEMPATH/CodeIgniter.php(466): CodeIgniter\CodeIgniter->runController(Object(Purchase\Controllers\Purchase))
 6 SYSTEMPATH/CodeIgniter.php(349): CodeIgniter\CodeIgniter->handleRequest(null, Object(Config\Cache), false)
 7 FCPATH/index.php(79): CodeIgniter\CodeIgniter->run()
CRITICAL - 2023-03-27 14:41:17 --> Call to undefined function prefixed_table_fields_wildcard()
in FCPATH/plugins/Purchase/Helpers/purchase_datatables_helper.php on line 108.
 1 FCPATH/plugins/Purchase/Views/items/table_commodity_list.php(67): data_tables_init1([...], 'id', 'rise_items', [...], [...], [...], '/home2/serlisa/public_html/sistema', [], [...])
 2 FCPATH/plugins/Purchase/Models/Purchase_model.php(648): include_once('FCPATH/plugins/Purchase/Views/items/table_commodity_list.php')
 3 FCPATH/plugins/Purchase/Controllers/Purchase.php(790): Purchase\Models\Purchase_model->get_table_data('FCPATH/plugins/Purchase/Views/items/table_commodity_list', [...])
 4 SYSTEMPATH/CodeIgniter.php(896): Purchase\Controllers\Purchase->table_commodity_list()
 5 SYSTEMPATH/CodeIgniter.php(466): CodeIgniter\CodeIgniter->runController(Object(Purchase\Controllers\Purchase))
 6 SYSTEMPATH/CodeIgniter.php(349): CodeIgniter\CodeIgniter->handleRequest(null, Object(Config\Cache), false)
 7 FCPATH/index.php(79): CodeIgniter\CodeIgniter->run()
CRITICAL - 2023-03-27 14:46:05 --> Call to undefined function prefixed_table_fields_wildcard()
in FCPATH/plugins/Purchase/Helpers/purchase_datatables_helper.php on line 108.
 1 FCPATH/plugins/Purchase/Views/items/table_commodity_list.php(67): data_tables_init1([...], 'id', 'rise_items', [...], [...], [...], '/home2/serlisa/public_html/sistema', [], [...])
 2 FCPATH/plugins/Purchase/Models/Purchase_model.php(648): include_once('FCPATH/plugins/Purchase/Views/items/table_commodity_list.php')
 3 FCPATH/plugins/Purchase/Controllers/Purchase.php(790): Purchase\Models\Purchase_model->get_table_data('FCPATH/plugins/Purchase/Views/items/table_commodity_list', [...])
 4 SYSTEMPATH/CodeIgniter.php(896): Purchase\Controllers\Purchase->table_commodity_list()
 5 SYSTEMPATH/CodeIgniter.php(466): CodeIgniter\CodeIgniter->runController(Object(Purchase\Controllers\Purchase))
 6 SYSTEMPATH/CodeIgniter.php(349): CodeIgniter\CodeIgniter->handleRequest(null, Object(Config\Cache), false)
 7 FCPATH/index.php(79): CodeIgniter\CodeIgniter->run()
CRITICAL - 2023-03-27 15:08:05 --> Call to undefined function prefixed_table_fields_wildcard()
in FCPATH/plugins/Purchase/Helpers/purchase_datatables_helper.php on line 108.
 1 FCPATH/plugins/Purchase/Views/items/table_commodity_list.php(67): data_tables_init1([...], 'id', 'rise_items', [...], [...], [...], '/home2/serlisa/public_html/sistema', [], [...])
 2 FCPATH/plugins/Purchase/Models/Purchase_model.php(648): include_once('FCPATH/plugins/Purchase/Views/items/table_commodity_list.php')
 3 FCPATH/plugins/Purchase/Controllers/Purchase.php(790): Purchase\Models\Purchase_model->get_table_data('FCPATH/plugins/Purchase/Views/items/table_commodity_list', [...])
 4 SYSTEMPATH/CodeIgniter.php(896): Purchase\Controllers\Purchase->table_commodity_list()
 5 SYSTEMPATH/CodeIgniter.php(466): CodeIgniter\CodeIgniter->runController(Object(Purchase\Controllers\Purchase))
 6 SYSTEMPATH/CodeIgniter.php(349): CodeIgniter\CodeIgniter->handleRequest(null, Object(Config\Cache), false)
 7 FCPATH/index.php(79): CodeIgniter\CodeIgniter->run()
CRITICAL - 2023-03-27 15:08:34 --> Call to undefined function prefixed_table_fields_wildcard()
in FCPATH/plugins/Purchase/Helpers/purchase_datatables_helper.php on line 108.
 1 FCPATH/plugins/Purchase/Views/items/table_commodity_list.php(67): data_tables_init1([...], 'id', 'rise_items', [...], [...], [...], '/home2/serlisa/public_html/sistema', [], [...])
 2 FCPATH/plugins/Purchase/Models/Purchase_model.php(648): include_once('FCPATH/plugins/Purchase/Views/items/table_commodity_list.php')
 3 FCPATH/plugins/Purchase/Controllers/Purchase.php(790): Purchase\Models\Purchase_model->get_table_data('FCPATH/plugins/Purchase/Views/items/table_commodity_list', [...])
 4 SYSTEMPATH/CodeIgniter.php(896): Purchase\Controllers\Purchase->table_commodity_list()
 5 SYSTEMPATH/CodeIgniter.php(466): CodeIgniter\CodeIgniter->runController(Object(Purchase\Controllers\Purchase))
 6 SYSTEMPATH/CodeIgniter.php(349): CodeIgniter\CodeIgniter->handleRequest(null, Object(Config\Cache), false)
 7 FCPATH/index.php(79): CodeIgniter\CodeIgniter->run()
CRITICAL - 2023-03-27 15:08:36 --> Call to undefined function prefixed_table_fields_wildcard()
in FCPATH/plugins/Purchase/Helpers/purchase_datatables_helper.php on line 108.
 1 FCPATH/plugins/Purchase/Views/items/table_commodity_list.php(67): data_tables_init1([...], 'id', 'rise_items', [...], [...], [...], '/home2/serlisa/public_html/sistema', [], [...])
 2 FCPATH/plugins/Purchase/Models/Purchase_model.php(648): include_once('FCPATH/plugins/Purchase/Views/items/table_commodity_list.php')
 3 FCPATH/plugins/Purchase/Controllers/Purchase.php(790): Purchase\Models\Purchase_model->get_table_data('FCPATH/plugins/Purchase/Views/items/table_commodity_list', [...])
 4 SYSTEMPATH/CodeIgniter.php(896): Purchase\Controllers\Purchase->table_commodity_list()
 5 SYSTEMPATH/CodeIgniter.php(466): CodeIgniter\CodeIgniter->runController(Object(Purchase\Controllers\Purchase))
 6 SYSTEMPATH/CodeIgniter.php(349): CodeIgniter\CodeIgniter->handleRequest(null, Object(Config\Cache), false)
 7 FCPATH/index.php(79): CodeIgniter\CodeIgniter->run()
CRITICAL - 2023-03-27 15:24:59 --> Call to undefined function prefixed_table_fields_wildcard()
in FCPATH/plugins/Purchase/Helpers/purchase_datatables_helper.php on line 108.
 1 FCPATH/plugins/Purchase/Views/items/table_commodity_list.php(67): data_tables_init1([...], 'id', 'rise_items', [...], [...], [...], '/home2/serlisa/public_html/sistema', [], [...])
 2 FCPATH/plugins/Purchase/Models/Purchase_model.php(648): include_once('FCPATH/plugins/Purchase/Views/items/table_commodity_list.php')
 3 FCPATH/plugins/Purchase/Controllers/Purchase.php(790): Purchase\Models\Purchase_model->get_table_data('FCPATH/plugins/Purchase/Views/items/table_commodity_list', [...])
 4 SYSTEMPATH/CodeIgniter.php(896): Purchase\Controllers\Purchase->table_commodity_list()
 5 SYSTEMPATH/CodeIgniter.php(466): CodeIgniter\CodeIgniter->runController(Object(Purchase\Controllers\Purchase))
 6 SYSTEMPATH/CodeIgniter.php(349): CodeIgniter\CodeIgniter->handleRequest(null, Object(Config\Cache), false)
 7 FCPATH/index.php(79): CodeIgniter\CodeIgniter->run()
CRITICAL - 2023-03-27 16:03:26 --> Call to undefined function prefixed_table_fields_wildcard()
in FCPATH/plugins/Purchase/Helpers/purchase_datatables_helper.php on line 108.
 1 FCPATH/plugins/Purchase/Views/items/table_commodity_list.php(67): data_tables_init1([...], 'id', 'rise_items', [...], [...], [...], '/home2/serlisa/public_html/sistema', [], [...])
 2 FCPATH/plugins/Purchase/Models/Purchase_model.php(648): include_once('FCPATH/plugins/Purchase/Views/items/table_commodity_list.php')
 3 FCPATH/plugins/Purchase/Controllers/Purchase.php(790): Purchase\Models\Purchase_model->get_table_data('FCPATH/plugins/Purchase/Views/items/table_commodity_list', [...])
 4 SYSTEMPATH/CodeIgniter.php(896): Purchase\Controllers\Purchase->table_commodity_list()
 5 SYSTEMPATH/CodeIgniter.php(466): CodeIgniter\CodeIgniter->runController(Object(Purchase\Controllers\Purchase))
 6 SYSTEMPATH/CodeIgniter.php(349): CodeIgniter\CodeIgniter->handleRequest(null, Object(Config\Cache), false)
 7 FCPATH/index.php(79): CodeIgniter\CodeIgniter->run()
