CRITICAL - 2023-05-09 16:32:20 --> Call to undefined function prefixed_table_fields_wildcard()
in FCPATH/plugins/Purchase/Helpers/purchase_datatables_helper.php on line 108.
 1 FCPATH/plugins/Purchase/Views/items/table_commodity_list.php(67): data_tables_init1([...], 'id', 'rise_items', [...], [...], [...], '/home2/serlisa/public_html/sistema', [], [...])
 2 FCPATH/plugins/Purchase/Models/Purchase_model.php(648): include_once('FCPATH/plugins/Purchase/Views/items/table_commodity_list.php')
 3 FCPATH/plugins/Purchase/Controllers/Purchase.php(790): Purchase\Models\Purchase_model->get_table_data('FCPATH/plugins/Purchase/Views/items/table_commodity_list', [...])
 4 SYSTEMPATH/CodeIgniter.php(896): Purchase\Controllers\Purchase->table_commodity_list()
 5 SYSTEMPATH/CodeIgniter.php(466): CodeIgniter\CodeIgniter->runController(Object(Purchase\Controllers\Purchase))
 6 SYSTEMPATH/CodeIgniter.php(349): CodeIgniter\CodeIgniter->handleRequest(null, Object(Config\Cache), false)
 7 FCPATH/index.php(79): CodeIgniter\CodeIgniter->run()
CRITICAL - 2023-05-09 16:32:25 --> Call to a member function warehouse_run_query() on null
in FCPATH/plugins/Purchase/Helpers/purchase_datatables_helper.php on line 281.
 1 FCPATH/plugins/Purchase/Controllers/Purchase.php(1538): data_tables_init1([...], 'id', 'rise_pur_vendor_items', 'LEFT JOIN rise_pur_vendor ON rise_pur_vendor.userid = rise_pur_vendor_items.vendor LEFT JOIN rise_items ON rise_items.id = rise_pur_vendor_items.items', '/home2/serlisa/public_html/sistema', [...], '/home2/serlisa/public_html/sistema', [], [...])
 2 SYSTEMPATH/CodeIgniter.php(896): Purchase\Controllers\Purchase->vendor_items_table()
 3 SYSTEMPATH/CodeIgniter.php(466): CodeIgniter\CodeIgniter->runController(Object(Purchase\Controllers\Purchase))
 4 SYSTEMPATH/CodeIgniter.php(349): CodeIgniter\CodeIgniter->handleRequest(null, Object(Config\Cache), false)
 5 FCPATH/index.php(79): CodeIgniter\CodeIgniter->run()
CRITICAL - 2023-05-09 16:32:26 --> Call to undefined function prefixed_table_fields_wildcard()
in FCPATH/plugins/Purchase/Helpers/purchase_datatables_helper.php on line 108.
 1 FCPATH/plugins/Purchase/Views/purchase_request/table_pur_request.php(40): data_tables_init1([...], 'id', 'rise_pur_request', [...], [], [...], '/home2/serlisa/public_html/sistema', [], [...])
 2 FCPATH/plugins/Purchase/Models/Purchase_model.php(648): include_once('FCPATH/plugins/Purchase/Views/purchase_request/table_pur_request.php')
 3 FCPATH/plugins/Purchase/Controllers/Purchase.php(1826): Purchase\Models\Purchase_model->get_table_data('FCPATH/plugins/Purchase/Views/purchase_request/table_pur_request', [...])
 4 SYSTEMPATH/CodeIgniter.php(896): Purchase\Controllers\Purchase->table_pur_request()
 5 SYSTEMPATH/CodeIgniter.php(466): CodeIgniter\CodeIgniter->runController(Object(Purchase\Controllers\Purchase))
 6 SYSTEMPATH/CodeIgniter.php(349): CodeIgniter\CodeIgniter->handleRequest(null, Object(Config\Cache), false)
 7 FCPATH/index.php(79): CodeIgniter\CodeIgniter->run()
CRITICAL - 2023-05-09 18:21:52 --> Call to undefined function prefixed_table_fields_wildcard()
in FCPATH/plugins/Purchase/Helpers/purchase_datatables_helper.php on line 108.
 1 FCPATH/plugins/Purchase/Views/items/table_commodity_list.php(67): data_tables_init1([...], 'id', 'rise_items', [...], [...], [...], '/home2/serlisa/public_html/sistema', [], [...])
 2 FCPATH/plugins/Purchase/Models/Purchase_model.php(648): include_once('FCPATH/plugins/Purchase/Views/items/table_commodity_list.php')
 3 FCPATH/plugins/Purchase/Controllers/Purchase.php(790): Purchase\Models\Purchase_model->get_table_data('FCPATH/plugins/Purchase/Views/items/table_commodity_list', [...])
 4 SYSTEMPATH/CodeIgniter.php(896): Purchase\Controllers\Purchase->table_commodity_list()
 5 SYSTEMPATH/CodeIgniter.php(466): CodeIgniter\CodeIgniter->runController(Object(Purchase\Controllers\Purchase))
 6 SYSTEMPATH/CodeIgniter.php(349): CodeIgniter\CodeIgniter->handleRequest(null, Object(Config\Cache), false)
 7 FCPATH/index.php(79): CodeIgniter\CodeIgniter->run()
CRITICAL - 2023-05-09 18:22:02 --> Call to undefined function prefixed_table_fields_wildcard()
in FCPATH/plugins/Purchase/Helpers/purchase_datatables_helper.php on line 108.
 1 FCPATH/plugins/Purchase/Views/purchase_request/table_pur_request.php(40): data_tables_init1([...], 'id', 'rise_pur_request', [...], [], [...], '/home2/serlisa/public_html/sistema', [], [...])
 2 FCPATH/plugins/Purchase/Models/Purchase_model.php(648): include_once('FCPATH/plugins/Purchase/Views/purchase_request/table_pur_request.php')
 3 FCPATH/plugins/Purchase/Controllers/Purchase.php(1826): Purchase\Models\Purchase_model->get_table_data('FCPATH/plugins/Purchase/Views/purchase_request/table_pur_request', [...])
 4 SYSTEMPATH/CodeIgniter.php(896): Purchase\Controllers\Purchase->table_pur_request()
 5 SYSTEMPATH/CodeIgniter.php(466): CodeIgniter\CodeIgniter->runController(Object(Purchase\Controllers\Purchase))
 6 SYSTEMPATH/CodeIgniter.php(349): CodeIgniter\CodeIgniter->handleRequest(null, Object(Config\Cache), false)
 7 FCPATH/index.php(79): CodeIgniter\CodeIgniter->run()
CRITICAL - 2023-05-09 18:22:29 --> Call to undefined function render_input()
in FCPATH/plugins/Purchase/Views/purchase_request/pur_request.php on line 27.
 1 SYSTEMPATH/View/View.php(213): include()
 2 SYSTEMPATH/View/View.php(216): CodeIgniter\View\View->CodeIgniter\View\{closure}()
 3 SYSTEMPATH/Common.php(1135): CodeIgniter\View\View->render('Purchase\\Views\\purchase_request\\pur_request', [], true)
 4 APPPATH/Views/layout/index.php(48): view('Purchase\\Views\\purchase_request\\pur_request')
 5 SYSTEMPATH/View/View.php(213): include('APPPATH/Views/layout/index.php')
 6 SYSTEMPATH/View/View.php(216): CodeIgniter\View\View->CodeIgniter\View\{closure}()
 7 SYSTEMPATH/Common.php(1135): CodeIgniter\View\View->render('layout/index', [], true)
 8 APPPATH/Libraries/Template.php(38): view('layout/index', [...])
 9 APPPATH/Libraries/Template.php(22): App\Libraries\Template->view('layout/index', [...])
10 FCPATH/plugins/Purchase/Controllers/Purchase.php(1927): App\Libraries\Template->rander('Purchase\\Views\\purchase_request\\pur_request', [...])
11 SYSTEMPATH/CodeIgniter.php(896): Purchase\Controllers\Purchase->pur_request()
12 SYSTEMPATH/CodeIgniter.php(466): CodeIgniter\CodeIgniter->runController(Object(Purchase\Controllers\Purchase))
13 SYSTEMPATH/CodeIgniter.php(349): CodeIgniter\CodeIgniter->handleRequest(null, Object(Config\Cache), false)
14 FCPATH/index.php(79): CodeIgniter\CodeIgniter->run()
CRITICAL - 2023-05-09 18:22:31 --> Call to undefined function prefixed_table_fields_wildcard()
in FCPATH/plugins/Purchase/Helpers/purchase_datatables_helper.php on line 108.
 1 FCPATH/plugins/Purchase/Views/purchase_request/table_pur_request.php(40): data_tables_init1([...], 'id', 'rise_pur_request', [...], [], [...], '/home2/serlisa/public_html/sistema', [], [...])
 2 FCPATH/plugins/Purchase/Models/Purchase_model.php(648): include_once('FCPATH/plugins/Purchase/Views/purchase_request/table_pur_request.php')
 3 FCPATH/plugins/Purchase/Controllers/Purchase.php(1826): Purchase\Models\Purchase_model->get_table_data('FCPATH/plugins/Purchase/Views/purchase_request/table_pur_request', [...])
 4 SYSTEMPATH/CodeIgniter.php(896): Purchase\Controllers\Purchase->table_pur_request()
 5 SYSTEMPATH/CodeIgniter.php(466): CodeIgniter\CodeIgniter->runController(Object(Purchase\Controllers\Purchase))
 6 SYSTEMPATH/CodeIgniter.php(349): CodeIgniter\CodeIgniter->handleRequest(null, Object(Config\Cache), false)
 7 FCPATH/index.php(79): CodeIgniter\CodeIgniter->run()
CRITICAL - 2023-05-09 18:31:48 --> The action you requested is not allowed.
in SYSTEMPATH/Security/Security.php on line 286.
 1 SYSTEMPATH/Security/Security.php(286): CodeIgniter\Security\Exceptions\SecurityException::forDisallowedAction()
 2 SYSTEMPATH/Filters/CSRF.php(54): CodeIgniter\Security\Security->verify(Object(CodeIgniter\HTTP\IncomingRequest))
 3 SYSTEMPATH/Filters/Filters.php(173): CodeIgniter\Filters\CSRF->before(Object(CodeIgniter\HTTP\IncomingRequest), null)
 4 SYSTEMPATH/CodeIgniter.php(440): CodeIgniter\Filters\Filters->run('messages/count_notifications', 'before')
 5 SYSTEMPATH/CodeIgniter.php(349): CodeIgniter\CodeIgniter->handleRequest(null, Object(Config\Cache), false)
 6 FCPATH/index.php(79): CodeIgniter\CodeIgniter->run()
CRITICAL - 2023-05-09 18:31:51 --> The action you requested is not allowed.
in SYSTEMPATH/Security/Security.php on line 286.
 1 SYSTEMPATH/Security/Security.php(286): CodeIgniter\Security\Exceptions\SecurityException::forDisallowedAction()
 2 SYSTEMPATH/Filters/CSRF.php(54): CodeIgniter\Security\Security->verify(Object(CodeIgniter\HTTP\IncomingRequest))
 3 SYSTEMPATH/Filters/Filters.php(173): CodeIgniter\Filters\CSRF->before(Object(CodeIgniter\HTTP\IncomingRequest), null)
 4 SYSTEMPATH/CodeIgniter.php(440): CodeIgniter\Filters\Filters->run('messages/count_notifications', 'before')
 5 SYSTEMPATH/CodeIgniter.php(349): CodeIgniter\CodeIgniter->handleRequest(null, Object(Config\Cache), false)
 6 FCPATH/index.php(79): CodeIgniter\CodeIgniter->run()
